Flow report for projeto
Sun Aug 21 18:57:40 2022
Quartus Prime Version 20.1.1 Build 720 11/11/2020 SJ Lite Edition


---------------------
; Table of Contents ;
---------------------
  1. Legal Notice
  2. Flow Summary
  3. Flow Settings
  4. Flow Non-Default Global Settings
  5. Flow Elapsed Time
  6. Flow OS Summary
  7. Flow Log
  8. Flow Messages
  9. Flow Suppressed Messages



----------------
; Legal Notice ;
----------------
Copyright (C) 2020  Intel Corporation. All rights reserved.
Your use of Intel Corporation's design tools, logic functions 
and other software and tools, and any partner logic 
functions, and any output files from any of the foregoing 
(including device programming or simulation files), and any 
associated documentation or information are expressly subject 
to the terms and conditions of the Intel Program License 
Subscription Agreement, the Intel Quartus Prime License Agreement,
the Intel FPGA IP License Agreement, or other applicable license
agreement, including, without limitation, that your use is for
the sole purpose of programming logic devices manufactured by
Intel and sold by Intel or its authorized distributors.  Please
refer to the applicable agreement for further details, at
https://fpgasoftware.intel.com/eula.



+----------------------------------------------------------------------------------+
; Flow Summary                                                                     ;
+------------------------------------+---------------------------------------------+
; Flow Status                        ; Successful - Sun Aug 21 18:57:38 2022       ;
; Quartus Prime Version              ; 20.1.1 Build 720 11/11/2020 SJ Lite Edition ;
; Revision Name                      ; projeto                                     ;
; Top-level Entity Name              ; decodificador_nerfado                       ;
; Family                             ; Cyclone IV E                                ;
; Device                             ; EP4CE115F29C7                               ;
; Timing Models                      ; Final                                       ;
; Total logic elements               ; 8 / 114,480 ( < 1 % )                       ;
;     Total combinational functions  ; 8 / 114,480 ( < 1 % )                       ;
;     Dedicated logic registers      ; 0 / 114,480 ( 0 % )                         ;
; Total registers                    ; 0                                           ;
; Total pins                         ; 18 / 529 ( 3 % )                            ;
; Total virtual pins                 ; 0                                           ;
; Total memory bits                  ; 0 / 3,981,312 ( 0 % )                       ;
; Embedded Multiplier 9-bit elements ; 0 / 532 ( 0 % )                             ;
; Total PLLs                         ; 0 / 4 ( 0 % )                               ;
+------------------------------------+---------------------------------------------+


+-----------------------------------------+
; Flow Settings                           ;
+-------------------+---------------------+
; Option            ; Setting             ;
+-------------------+---------------------+
; Start date & time ; 08/21/2022 18:57:16 ;
; Main task         ; Compilation         ;
; Revision Name     ; projeto             ;
+-------------------+---------------------+


+-----------------------------------------------------------------------------------------------------------------------------------+
; Flow Non-Default Global Settings                                                                                                  ;
+-------------------------------------+----------------------------------------+---------------+-----------------------+------------+
; Assignment Name                     ; Value                                  ; Default Value ; Entity Name           ; Section Id ;
+-------------------------------------+----------------------------------------+---------------+-----------------------+------------+
; COMPILER_SIGNATURE_ID               ; 251776451014551.166111903656008        ; --            ; --                    ; --         ;
; MAX_CORE_JUNCTION_TEMP              ; 85                                     ; --            ; --                    ; --         ;
; MIN_CORE_JUNCTION_TEMP              ; 0                                      ; --            ; --                    ; --         ;
; NOMINAL_CORE_SUPPLY_VOLTAGE         ; 1.2V                                   ; --            ; --                    ; --         ;
; PARTITION_COLOR                     ; -- (Not supported for targeted family) ; --            ; decodificador_nerfado ; Top        ;
; PARTITION_FITTER_PRESERVATION_LEVEL ; -- (Not supported for targeted family) ; --            ; decodificador_nerfado ; Top        ;
; PARTITION_NETLIST_TYPE              ; -- (Not supported for targeted family) ; --            ; decodificador_nerfado ; Top        ;
; POWER_BOARD_THERMAL_MODEL           ; None (CONSERVATIVE)                    ; --            ; --                    ; --         ;
; POWER_PRESET_COOLING_SOLUTION       ; 23 MM HEAT SINK WITH 200 LFPM AIRFLOW  ; --            ; --                    ; --         ;
; PROJECT_OUTPUT_DIRECTORY            ; output_files                           ; --            ; --                    ; --         ;
; TOP_LEVEL_ENTITY                    ; decodificador_nerfado                  ; projeto       ; --                    ; --         ;
+-------------------------------------+----------------------------------------+---------------+-----------------------+------------+


+--------------------------------------------------------------------------------------------------------------------------+
; Flow Elapsed Time                                                                                                        ;
+----------------------+--------------+-------------------------+---------------------+------------------------------------+
; Module Name          ; Elapsed Time ; Average Processors Used ; Peak Virtual Memory ; Total CPU Time (on all processors) ;
+----------------------+--------------+-------------------------+---------------------+------------------------------------+
; Analysis & Synthesis ; 00:00:08     ; 1.0                     ; 4745 MB             ; 00:00:20                           ;
; Fitter               ; 00:00:09     ; 1.0                     ; 5691 MB             ; 00:00:13                           ;
; Assembler            ; 00:00:03     ; 1.0                     ; 4689 MB             ; 00:00:03                           ;
; Timing Analyzer      ; 00:00:01     ; 1.0                     ; 4844 MB             ; 00:00:02                           ;
; Total                ; 00:00:21     ; --                      ; --                  ; 00:00:38                           ;
+----------------------+--------------+-------------------------+---------------------+------------------------------------+


+------------------------------------------------------------------------------------+
; Flow OS Summary                                                                    ;
+----------------------+------------------+------------+------------+----------------+
; Module Name          ; Machine Hostname ; OS Name    ; OS Version ; Processor type ;
+----------------------+------------------+------------+------------+----------------+
; Analysis & Synthesis ; Ribeirowski      ; Windows 10 ; 10.0       ; x86_64         ;
; Fitter               ; Ribeirowski      ; Windows 10 ; 10.0       ; x86_64         ;
; Assembler            ; Ribeirowski      ; Windows 10 ; 10.0       ; x86_64         ;
; Timing Analyzer      ; Ribeirowski      ; Windows 10 ; 10.0       ; x86_64         ;
+----------------------+------------------+------------+------------+----------------+


------------
; Flow Log ;
------------
quartus_map --read_settings_files=on --write_settings_files=off projeto -c projeto
quartus_fit --read_settings_files=off --write_settings_files=off projeto -c projeto
quartus_asm --read_settings_files=off --write_settings_files=off projeto -c projeto
quartus_sta projeto -c projeto



