Assembler report for DE2_115_IR
Sat Aug 06 10:55:37 2022
Quartus II Version 9.1 Build 350 03/24/2010 Service Pack 2 SJ Web Edition


---------------------
; Table of Contents ;
---------------------
  1. Legal Notice
  2. Assembler Summary
  3. Assembler Settings
  4. Assembler Generated Files
  5. Assembler Device Options: C:/Users/groun/Downloads/De2_115/DE2-115_v.3.0.6_SystemCD/DE2_115_demonstrations/DE2_115_IR/DE2_115_IR.sof
  6. Assembler Device Options: C:/Users/groun/Downloads/De2_115/DE2-115_v.3.0.6_SystemCD/DE2_115_demonstrations/DE2_115_IR/DE2_115_IR.pof
  7. Assembler Messages



----------------
; Legal Notice ;
----------------
Copyright (C) 1991-2010 Altera Corporation
Your use of Altera Corporation's design tools, logic functions 
and other software and tools, and its AMPP partner logic 
functions, and any output files from any of the foregoing 
(including device programming or simulation files), and any 
associated documentation or information are expressly subject 
to the terms and conditions of the Altera Program License 
Subscription Agreement, Altera MegaCore Function License 
Agreement, or other applicable license agreement, including, 
without limitation, that your use is for the sole purpose of 
programming logic devices manufactured by Altera and sold by 
Altera or its authorized distributors.  Please refer to the 
applicable agreement for further details.



+---------------------------------------------------------------+
; Assembler Summary                                             ;
+-----------------------+---------------------------------------+
; Assembler Status      ; Successful - Sat Aug 06 10:55:37 2022 ;
; Revision Name         ; DE2_115_IR                            ;
; Top-level Entity Name ; DE2_115_IR                            ;
; Family                ; Cyclone IV E                          ;
; Device                ; EP4CE115F29C7                         ;
+-----------------------+---------------------------------------+


+--------------------------------------------------------------------------------------------------------+
; Assembler Settings                                                                                     ;
+-----------------------------------------------------------------------------+----------+---------------+
; Option                                                                      ; Setting  ; Default Value ;
+-----------------------------------------------------------------------------+----------+---------------+
; Generate compressed bitstreams                                              ; Off      ; On            ;
; Use configuration device                                                    ; On       ; Off           ;
; Configuration device                                                        ; Epcs64   ; Auto          ;
; Use smart compilation                                                       ; Off      ; Off           ;
; Enable parallel Assembler and TimeQuest Timing Analyzer during compilation  ; On       ; On            ;
; Enable compact report table                                                 ; Off      ; Off           ;
; Compression mode                                                            ; Off      ; Off           ;
; Clock source for configuration device                                       ; Internal ; Internal      ;
; Clock frequency of the configuration device                                 ; 10 MHZ   ; 10 MHz        ;
; Divide clock frequency by                                                   ; 1        ; 1             ;
; Auto user code                                                              ; Off      ; Off           ;
; Configuration device auto user code                                         ; Off      ; Off           ;
; Generate Tabular Text File (.ttf) For Target Device                         ; Off      ; Off           ;
; Generate Raw Binary File (.rbf) For Target Device                           ; Off      ; Off           ;
; Generate Hexadecimal (Intel-Format) Output File (.hexout) for Target Device ; Off      ; Off           ;
; Hexadecimal Output File start address                                       ; 0        ; 0             ;
; Hexadecimal Output File count direction                                     ; Up       ; Up            ;
; Release clears before tri-states                                            ; Off      ; Off           ;
; Auto-restart configuration after error                                      ; On       ; On            ;
; Enable OCT_DONE                                                             ; Off      ; Off           ;
; Generate Serial Vector Format File (.svf) for Target Device                 ; Off      ; Off           ;
; Generate a JEDEC STAPL Format File (.jam) for Target Device                 ; Off      ; Off           ;
; Generate a compressed Jam STAPL Byte Code 2.0 File (.jbc) for Target Device ; Off      ; Off           ;
; Generate a compressed Jam STAPL Byte Code 2.0 File (.jbc) for Target Device ; On       ; On            ;
+-----------------------------------------------------------------------------+----------+---------------+


+------------------------------------------------------------------------------------------------------------+
; Assembler Generated Files                                                                                  ;
+------------------------------------------------------------------------------------------------------------+
; File Name                                                                                                  ;
+------------------------------------------------------------------------------------------------------------+
; C:/Users/groun/Downloads/De2_115/DE2-115_v.3.0.6_SystemCD/DE2_115_demonstrations/DE2_115_IR/DE2_115_IR.sof ;
; C:/Users/groun/Downloads/De2_115/DE2-115_v.3.0.6_SystemCD/DE2_115_demonstrations/DE2_115_IR/DE2_115_IR.pof ;
+------------------------------------------------------------------------------------------------------------+


+--------------------------------------------------------------------------------------------------------------------------------------+
; Assembler Device Options: C:/Users/groun/Downloads/De2_115/DE2-115_v.3.0.6_SystemCD/DE2_115_demonstrations/DE2_115_IR/DE2_115_IR.sof ;
+----------------+---------------------------------------------------------------------------------------------------------------------+
; Option         ; Setting                                                                                                             ;
+----------------+---------------------------------------------------------------------------------------------------------------------+
; Device         ; EP4CE115F29C7                                                                                                       ;
; JTAG usercode  ; 0xFFFFFFFF                                                                                                          ;
; Checksum       ; 0x0059B04D                                                                                                          ;
+----------------+---------------------------------------------------------------------------------------------------------------------+


+--------------------------------------------------------------------------------------------------------------------------------------+
; Assembler Device Options: C:/Users/groun/Downloads/De2_115/DE2-115_v.3.0.6_SystemCD/DE2_115_demonstrations/DE2_115_IR/DE2_115_IR.pof ;
+--------------------+-----------------------------------------------------------------------------------------------------------------+
; Option             ; Setting                                                                                                         ;
+--------------------+-----------------------------------------------------------------------------------------------------------------+
; Device             ; EPCS64                                                                                                          ;
; JTAG usercode      ; 0x00000000                                                                                                      ;
; Checksum           ; 0x49B29BDB                                                                                                      ;
; Compression Ratio  ; 1                                                                                                               ;
+--------------------+-----------------------------------------------------------------------------------------------------------------+


+--------------------+
; Assembler Messages ;
+--------------------+
Info: *******************************************************************
Info: Running Quartus II Assembler
    Info: Version 9.1 Build 350 03/24/2010 Service Pack 2 SJ Web Edition
    Info: Processing started: Sat Aug 06 10:55:22 2022
Info: Command: quartus_asm --read_settings_files=off --write_settings_files=off DE2_115_IR -c DE2_115_IR
Info: Writing out detailed assembly data for power analysis
Info: Assembler is generating device programming files
Info: Quartus II Assembler was successful. 0 errors, 0 warnings
    Info: Peak virtual memory: 449 megabytes
    Info: Processing ended: Sat Aug 06 10:55:38 2022
    Info: Elapsed time: 00:00:16
    Info: Total CPU time (on all processors): 00:00:08


