Analysis & Synthesis report for DE2_115_IR
Sat Aug 06 10:53:53 2022
Quartus II Version 9.1 Build 350 03/24/2010 Service Pack 2 SJ Web Edition


---------------------
; Table of Contents ;
---------------------
  1. Legal Notice
  2. Analysis & Synthesis Summary
  3. Analysis & Synthesis Settings
  4. Parallel Compilation
  5. Analysis & Synthesis Source Files Read
  6. Analysis & Synthesis Resource Usage Summary
  7. Analysis & Synthesis Resource Utilization by Entity
  8. State Machine - |DE2_115_IR|IR_RECEIVE:u1|state
  9. General Register Statistics
 10. Multiplexer Restructuring Statistics (Restructuring Performed)
 11. Parameter Settings for User Entity Instance: pll1:u0|altpll:altpll_component
 12. Parameter Settings for User Entity Instance: IR_RECEIVE:u1
 13. altpll Parameter Settings by Entity Instance
 14. Port Connectivity Checks: "IR_RECEIVE:u1"
 15. Port Connectivity Checks: "pll1:u0"
 16. Analysis & Synthesis Messages
 17. Analysis & Synthesis Suppressed Messages



----------------
; Legal Notice ;
----------------
Copyright (C) 1991-2010 Altera Corporation
Your use of Altera Corporation's design tools, logic functions 
and other software and tools, and its AMPP partner logic 
functions, and any output files from any of the foregoing 
(including device programming or simulation files), and any 
associated documentation or information are expressly subject 
to the terms and conditions of the Altera Program License 
Subscription Agreement, Altera MegaCore Function License 
Agreement, or other applicable license agreement, including, 
without limitation, that your use is for the sole purpose of 
programming logic devices manufactured by Altera and sold by 
Altera or its authorized distributors.  Please refer to the 
applicable agreement for further details.



+-----------------------------------------------------------------------------------+
; Analysis & Synthesis Summary                                                      ;
+------------------------------------+----------------------------------------------+
; Analysis & Synthesis Status        ; Successful - Sat Aug 06 10:53:53 2022        ;
; Quartus II Version                 ; 9.1 Build 350 03/24/2010 SP 2 SJ Web Edition ;
; Revision Name                      ; DE2_115_IR                                   ;
; Top-level Entity Name              ; DE2_115_IR                                   ;
; Family                             ; Cyclone IV E                                 ;
; Total logic elements               ; 273                                          ;
;     Total combinational functions  ; 209                                          ;
;     Dedicated logic registers      ; 163                                          ;
; Total registers                    ; 163                                          ;
; Total pins                         ; 480                                          ;
; Total virtual pins                 ; 0                                            ;
; Total memory bits                  ; 0                                            ;
; Embedded Multiplier 9-bit elements ; 0                                            ;
; Total PLLs                         ; 1                                            ;
+------------------------------------+----------------------------------------------+


+----------------------------------------------------------------------------------------------------------------------+
; Analysis & Synthesis Settings                                                                                        ;
+----------------------------------------------------------------------------+--------------------+--------------------+
; Option                                                                     ; Setting            ; Default Value      ;
+----------------------------------------------------------------------------+--------------------+--------------------+
; Device                                                                     ; EP4CE115F29C7      ;                    ;
; Top-level entity name                                                      ; DE2_115_IR         ; DE2_115_IR         ;
; Family name                                                                ; Cyclone IV E       ; Cyclone IV GX      ;
; Use Generated Physical Constraints File                                    ; Off                ;                    ;
; Use smart compilation                                                      ; Off                ; Off                ;
; Enable parallel Assembler and TimeQuest Timing Analyzer during compilation ; On                 ; On                 ;
; Enable compact report table                                                ; Off                ; Off                ;
; Restructure Multiplexers                                                   ; Auto               ; Auto               ;
; Create Debugging Nodes for IP Cores                                        ; Off                ; Off                ;
; Preserve fewer node names                                                  ; On                 ; On                 ;
; Disable OpenCore Plus hardware evaluation                                  ; Off                ; Off                ;
; Verilog Version                                                            ; Verilog_2001       ; Verilog_2001       ;
; VHDL Version                                                               ; VHDL_1993          ; VHDL_1993          ;
; State Machine Processing                                                   ; Auto               ; Auto               ;
; Safe State Machine                                                         ; Off                ; Off                ;
; Extract Verilog State Machines                                             ; On                 ; On                 ;
; Extract VHDL State Machines                                                ; On                 ; On                 ;
; Ignore Verilog initial constructs                                          ; Off                ; Off                ;
; Iteration limit for constant Verilog loops                                 ; 5000               ; 5000               ;
; Iteration limit for non-constant Verilog loops                             ; 250                ; 250                ;
; Add Pass-Through Logic to Inferred RAMs                                    ; On                 ; On                 ;
; Parallel Synthesis                                                         ; On                 ; On                 ;
; DSP Block Balancing                                                        ; Auto               ; Auto               ;
; NOT Gate Push-Back                                                         ; On                 ; On                 ;
; Power-Up Don't Care                                                        ; On                 ; On                 ;
; Remove Redundant Logic Cells                                               ; Off                ; Off                ;
; Remove Duplicate Registers                                                 ; On                 ; On                 ;
; Ignore CARRY Buffers                                                       ; Off                ; Off                ;
; Ignore CASCADE Buffers                                                     ; Off                ; Off                ;
; Ignore GLOBAL Buffers                                                      ; Off                ; Off                ;
; Ignore ROW GLOBAL Buffers                                                  ; Off                ; Off                ;
; Ignore LCELL Buffers                                                       ; Off                ; Off                ;
; Ignore SOFT Buffers                                                        ; On                 ; On                 ;
; Limit AHDL Integers to 32 Bits                                             ; Off                ; Off                ;
; Optimization Technique                                                     ; Balanced           ; Balanced           ;
; Carry Chain Length                                                         ; 70                 ; 70                 ;
; Auto Carry Chains                                                          ; On                 ; On                 ;
; Auto Open-Drain Pins                                                       ; On                 ; On                 ;
; Perform WYSIWYG Primitive Resynthesis                                      ; Off                ; Off                ;
; Auto ROM Replacement                                                       ; On                 ; On                 ;
; Auto RAM Replacement                                                       ; On                 ; On                 ;
; Auto DSP Block Replacement                                                 ; On                 ; On                 ;
; Auto Shift Register Replacement                                            ; Auto               ; Auto               ;
; Auto Clock Enable Replacement                                              ; On                 ; On                 ;
; Strict RAM Replacement                                                     ; Off                ; Off                ;
; Allow Synchronous Control Signals                                          ; On                 ; On                 ;
; Force Use of Synchronous Clear Signals                                     ; Off                ; Off                ;
; Auto RAM Block Balancing                                                   ; On                 ; On                 ;
; Auto RAM to Logic Cell Conversion                                          ; Off                ; Off                ;
; Auto Resource Sharing                                                      ; Off                ; Off                ;
; Allow Any RAM Size For Recognition                                         ; Off                ; Off                ;
; Allow Any ROM Size For Recognition                                         ; Off                ; Off                ;
; Allow Any Shift Register Size For Recognition                              ; Off                ; Off                ;
; Use LogicLock Constraints during Resource Balancing                        ; On                 ; On                 ;
; Ignore translate_off and synthesis_off directives                          ; Off                ; Off                ;
; Timing-Driven Synthesis                                                    ; On                 ; On                 ;
; Show Parameter Settings Tables in Synthesis Report                         ; On                 ; On                 ;
; Ignore Maximum Fan-Out Assignments                                         ; Off                ; Off                ;
; Synchronization Register Chain Length                                      ; 3                  ; 3                  ;
; PowerPlay Power Optimization                                               ; Normal compilation ; Normal compilation ;
; HDL message level                                                          ; Level2             ; Level2             ;
; Suppress Register Optimization Related Messages                            ; Off                ; Off                ;
; Number of Removed Registers Reported in Synthesis Report                   ; 5000               ; 5000               ;
; Number of Inverted Registers Reported in Synthesis Report                  ; 100                ; 100                ;
; Clock MUX Protection                                                       ; On                 ; On                 ;
; Auto Gated Clock Conversion                                                ; Off                ; Off                ;
; Block Design Naming                                                        ; Auto               ; Auto               ;
; SDC constraint protection                                                  ; Off                ; Off                ;
; Synthesis Effort                                                           ; Auto               ; Auto               ;
; Shift Register Replacement - Allow Asynchronous Clear Signal               ; On                 ; On                 ;
; Analysis & Synthesis Message Level                                         ; Medium             ; Medium             ;
; Disable Register Merging Across Hierarchies                                ; Auto               ; Auto               ;
; Resource Aware Inference For Block RAM                                     ; On                 ; On                 ;
+----------------------------------------------------------------------------+--------------------+--------------------+


Parallel compilation was disabled, but you have multiple processors available. Enable parallel compilation to reduce compilation time.
+-------------------------------------+
; Parallel Compilation                ;
+----------------------------+--------+
; Processors                 ; Number ;
+----------------------------+--------+
; Number detected on machine ; 2      ;
; Maximum allowed            ; 1      ;
+----------------------------+--------+


+------------------------------------------------------------------------------------------------------------------------------------------------------------------------------------------------------+
; Analysis & Synthesis Source Files Read                                                                                                                                                               ;
+----------------------------------+-----------------+------------------------------+------------------------------------------------------------------------------------------------------------------+
; File Name with User-Entered Path ; Used in Netlist ; File Type                    ; File Name with Absolute Path                                                                                     ;
+----------------------------------+-----------------+------------------------------+------------------------------------------------------------------------------------------------------------------+
; DE2_115_IR.v                     ; yes             ; User Verilog HDL File        ; C:/Users/groun/Downloads/De2_115/DE2-115_v.3.0.6_SystemCD/DE2_115_demonstrations/DE2_115_IR/DE2_115_IR.v         ;
; SEG_HEX.v                        ; yes             ; User Verilog HDL File        ; C:/Users/groun/Downloads/De2_115/DE2-115_v.3.0.6_SystemCD/DE2_115_demonstrations/DE2_115_IR/SEG_HEX.v            ;
; IR_RECEIVE_Terasic.v             ; yes             ; User Verilog HDL File        ; C:/Users/groun/Downloads/De2_115/DE2-115_v.3.0.6_SystemCD/DE2_115_demonstrations/DE2_115_IR/IR_RECEIVE_Terasic.v ;
; pll1.v                           ; yes             ; User Wizard-Generated File   ; C:/Users/groun/Downloads/De2_115/DE2-115_v.3.0.6_SystemCD/DE2_115_demonstrations/DE2_115_IR/pll1.v               ;
; altpll.tdf                       ; yes             ; Megafunction                 ; c:/altera/91sp2/quartus/libraries/megafunctions/altpll.tdf                                                       ;
; db/pll1_altpll.v                 ; yes             ; Auto-Generated Megafunction  ; C:/Users/groun/Downloads/De2_115/DE2-115_v.3.0.6_SystemCD/DE2_115_demonstrations/DE2_115_IR/db/pll1_altpll.v     ;
+----------------------------------+-----------------+------------------------------+------------------------------------------------------------------------------------------------------------------+


+---------------------------------------------------------------------------------------------------------------------------+
; Analysis & Synthesis Resource Usage Summary                                                                               ;
+---------------------------------------------+-----------------------------------------------------------------------------+
; Resource                                    ; Usage                                                                       ;
+---------------------------------------------+-----------------------------------------------------------------------------+
; Estimated Total logic elements              ; 273                                                                         ;
;                                             ;                                                                             ;
; Total combinational functions               ; 209                                                                         ;
; Logic element usage by number of LUT inputs ;                                                                             ;
;     -- 4 input functions                    ; 141                                                                         ;
;     -- 3 input functions                    ; 3                                                                           ;
;     -- <=2 input functions                  ; 65                                                                          ;
;                                             ;                                                                             ;
; Logic elements by mode                      ;                                                                             ;
;     -- normal mode                          ; 153                                                                         ;
;     -- arithmetic mode                      ; 56                                                                          ;
;                                             ;                                                                             ;
; Total registers                             ; 163                                                                         ;
;     -- Dedicated logic registers            ; 163                                                                         ;
;     -- I/O registers                        ; 0                                                                           ;
;                                             ;                                                                             ;
; I/O pins                                    ; 480                                                                         ;
; Total PLLs                                  ; 1                                                                           ;
; Maximum fan-out node                        ; pll1:u0|altpll:altpll_component|pll1_altpll:auto_generated|wire_pll1_clk[0] ;
; Maximum fan-out                             ; 164                                                                         ;
; Total fan-out                               ; 2026                                                                        ;
; Average fan-out                             ; 1.37                                                                        ;
+---------------------------------------------+-----------------------------------------------------------------------------+


+-------------------------------------------------------------------------------------------------------------------------------------------------------------------------------------------------------------------------------------------+
; Analysis & Synthesis Resource Utilization by Entity                                                                                                                                                                                       ;
+---------------------------------------+-------------------+--------------+-------------+--------------+---------+-----------+------+--------------+------------------------------------------------------------------------+--------------+
; Compilation Hierarchy Node            ; LC Combinationals ; LC Registers ; Memory Bits ; DSP Elements ; DSP 9x9 ; DSP 18x18 ; Pins ; Virtual Pins ; Full Hierarchy Name                                                    ; Library Name ;
+---------------------------------------+-------------------+--------------+-------------+--------------+---------+-----------+------+--------------+------------------------------------------------------------------------+--------------+
; |DE2_115_IR                           ; 209 (0)           ; 163 (0)      ; 0           ; 0            ; 0       ; 0         ; 480  ; 0            ; |DE2_115_IR                                                            ; work         ;
;    |IR_RECEIVE:u1|                    ; 153 (153)         ; 163 (163)    ; 0           ; 0            ; 0       ; 0         ; 0    ; 0            ; |DE2_115_IR|IR_RECEIVE:u1                                              ;              ;
;    |SEG_HEX:u2|                       ; 7 (7)             ; 0 (0)        ; 0           ; 0            ; 0       ; 0         ; 0    ; 0            ; |DE2_115_IR|SEG_HEX:u2                                                 ;              ;
;    |SEG_HEX:u3|                       ; 7 (7)             ; 0 (0)        ; 0           ; 0            ; 0       ; 0         ; 0    ; 0            ; |DE2_115_IR|SEG_HEX:u3                                                 ;              ;
;    |SEG_HEX:u4|                       ; 7 (7)             ; 0 (0)        ; 0           ; 0            ; 0       ; 0         ; 0    ; 0            ; |DE2_115_IR|SEG_HEX:u4                                                 ;              ;
;    |SEG_HEX:u5|                       ; 7 (7)             ; 0 (0)        ; 0           ; 0            ; 0       ; 0         ; 0    ; 0            ; |DE2_115_IR|SEG_HEX:u5                                                 ;              ;
;    |SEG_HEX:u6|                       ; 7 (7)             ; 0 (0)        ; 0           ; 0            ; 0       ; 0         ; 0    ; 0            ; |DE2_115_IR|SEG_HEX:u6                                                 ;              ;
;    |SEG_HEX:u7|                       ; 7 (7)             ; 0 (0)        ; 0           ; 0            ; 0       ; 0         ; 0    ; 0            ; |DE2_115_IR|SEG_HEX:u7                                                 ;              ;
;    |SEG_HEX:u8|                       ; 7 (7)             ; 0 (0)        ; 0           ; 0            ; 0       ; 0         ; 0    ; 0            ; |DE2_115_IR|SEG_HEX:u8                                                 ;              ;
;    |SEG_HEX:u9|                       ; 7 (7)             ; 0 (0)        ; 0           ; 0            ; 0       ; 0         ; 0    ; 0            ; |DE2_115_IR|SEG_HEX:u9                                                 ;              ;
;    |pll1:u0|                          ; 0 (0)             ; 0 (0)        ; 0           ; 0            ; 0       ; 0         ; 0    ; 0            ; |DE2_115_IR|pll1:u0                                                    ;              ;
;       |altpll:altpll_component|       ; 0 (0)             ; 0 (0)        ; 0           ; 0            ; 0       ; 0         ; 0    ; 0            ; |DE2_115_IR|pll1:u0|altpll:altpll_component                            ;              ;
;          |pll1_altpll:auto_generated| ; 0 (0)             ; 0 (0)        ; 0           ; 0            ; 0       ; 0         ; 0    ; 0            ; |DE2_115_IR|pll1:u0|altpll:altpll_component|pll1_altpll:auto_generated ;              ;
+---------------------------------------+-------------------+--------------+-------------+--------------+---------+-----------+------+--------------+------------------------------------------------------------------------+--------------+
Note: For table entries with two numbers listed, the numbers in parentheses indicate the number of resources of the given type used by the specific entity alone. The numbers listed outside of parentheses indicate the total resources of the given type used by the specific entity and all of its sub-entities in the hierarchy.


Encoding Type:  One-Hot
+---------------------------------------------------------------+
; State Machine - |DE2_115_IR|IR_RECEIVE:u1|state               ;
+----------------+------------+----------------+----------------+
; Name           ; state.IDLE ; state.DATAREAD ; state.GUIDANCE ;
+----------------+------------+----------------+----------------+
; state.IDLE     ; 0          ; 0              ; 0              ;
; state.GUIDANCE ; 1          ; 0              ; 1              ;
; state.DATAREAD ; 1          ; 1              ; 0              ;
+----------------+------------+----------------+----------------+


+------------------------------------------------------+
; General Register Statistics                          ;
+----------------------------------------------+-------+
; Statistic                                    ; Value ;
+----------------------------------------------+-------+
; Total registers                              ; 163   ;
; Number of registers using Synchronous Clear  ; 92    ;
; Number of registers using Synchronous Load   ; 0     ;
; Number of registers using Asynchronous Clear ; 131   ;
; Number of registers using Asynchronous Load  ; 0     ;
; Number of registers using Clock Enable       ; 96    ;
; Number of registers using Preset             ; 0     ;
+----------------------------------------------+-------+


+---------------------------------------------------------------------------------------------------------------------------------------------------+
; Multiplexer Restructuring Statistics (Restructuring Performed)                                                                                    ;
+--------------------+-----------+---------------+----------------------+------------------------+------------+-------------------------------------+
; Multiplexer Inputs ; Bus Width ; Baseline Area ; Area if Restructured ; Saving if Restructured ; Registered ; Example Multiplexer Output          ;
+--------------------+-----------+---------------+----------------------+------------------------+------------+-------------------------------------+
; 6:1                ; 3 bits    ; 12 LEs        ; 6 LEs                ; 6 LEs                  ; No         ; |DE2_115_IR|IR_RECEIVE:u1|Selector1 ;
+--------------------+-----------+---------------+----------------------+------------------------+------------+-------------------------------------+


+------------------------------------------------------------------------------+
; Parameter Settings for User Entity Instance: pll1:u0|altpll:altpll_component ;
+-------------------------------+-------------------+--------------------------+
; Parameter Name                ; Value             ; Type                     ;
+-------------------------------+-------------------+--------------------------+
; OPERATION_MODE                ; NORMAL            ; Untyped                  ;
; PLL_TYPE                      ; AUTO              ; Untyped                  ;
; QUALIFY_CONF_DONE             ; OFF               ; Untyped                  ;
; COMPENSATE_CLOCK              ; CLK0              ; Untyped                  ;
; SCAN_CHAIN                    ; LONG              ; Untyped                  ;
; PRIMARY_CLOCK                 ; INCLK0            ; Untyped                  ;
; INCLK0_INPUT_FREQUENCY        ; 20000             ; Signed Integer           ;
; INCLK1_INPUT_FREQUENCY        ; 0                 ; Untyped                  ;
; GATE_LOCK_SIGNAL              ; NO                ; Untyped                  ;
; GATE_LOCK_COUNTER             ; 0                 ; Untyped                  ;
; LOCK_HIGH                     ; 1                 ; Untyped                  ;
; LOCK_LOW                      ; 1                 ; Untyped                  ;
; VALID_LOCK_MULTIPLIER         ; 1                 ; Untyped                  ;
; INVALID_LOCK_MULTIPLIER       ; 5                 ; Untyped                  ;
; SWITCH_OVER_ON_LOSSCLK        ; OFF               ; Untyped                  ;
; SWITCH_OVER_ON_GATED_LOCK     ; OFF               ; Untyped                  ;
; ENABLE_SWITCH_OVER_COUNTER    ; OFF               ; Untyped                  ;
; SKIP_VCO                      ; OFF               ; Untyped                  ;
; SWITCH_OVER_COUNTER           ; 0                 ; Untyped                  ;
; SWITCH_OVER_TYPE              ; AUTO              ; Untyped                  ;
; FEEDBACK_SOURCE               ; EXTCLK0           ; Untyped                  ;
; BANDWIDTH                     ; 0                 ; Untyped                  ;
; BANDWIDTH_TYPE                ; AUTO              ; Untyped                  ;
; SPREAD_FREQUENCY              ; 0                 ; Untyped                  ;
; DOWN_SPREAD                   ; 0                 ; Untyped                  ;
; SELF_RESET_ON_GATED_LOSS_LOCK ; OFF               ; Untyped                  ;
; SELF_RESET_ON_LOSS_LOCK       ; OFF               ; Untyped                  ;
; CLK9_MULTIPLY_BY              ; 0                 ; Untyped                  ;
; CLK8_MULTIPLY_BY              ; 0                 ; Untyped                  ;
; CLK7_MULTIPLY_BY              ; 0                 ; Untyped                  ;
; CLK6_MULTIPLY_BY              ; 0                 ; Untyped                  ;
; CLK5_MULTIPLY_BY              ; 1                 ; Untyped                  ;
; CLK4_MULTIPLY_BY              ; 1                 ; Untyped                  ;
; CLK3_MULTIPLY_BY              ; 1                 ; Untyped                  ;
; CLK2_MULTIPLY_BY              ; 1                 ; Untyped                  ;
; CLK1_MULTIPLY_BY              ; 1                 ; Signed Integer           ;
; CLK0_MULTIPLY_BY              ; 1                 ; Signed Integer           ;
; CLK9_DIVIDE_BY                ; 0                 ; Untyped                  ;
; CLK8_DIVIDE_BY                ; 0                 ; Untyped                  ;
; CLK7_DIVIDE_BY                ; 0                 ; Untyped                  ;
; CLK6_DIVIDE_BY                ; 0                 ; Untyped                  ;
; CLK5_DIVIDE_BY                ; 1                 ; Untyped                  ;
; CLK4_DIVIDE_BY                ; 1                 ; Untyped                  ;
; CLK3_DIVIDE_BY                ; 1                 ; Untyped                  ;
; CLK2_DIVIDE_BY                ; 1                 ; Untyped                  ;
; CLK1_DIVIDE_BY                ; 5                 ; Signed Integer           ;
; CLK0_DIVIDE_BY                ; 1                 ; Signed Integer           ;
; CLK9_PHASE_SHIFT              ; 0                 ; Untyped                  ;
; CLK8_PHASE_SHIFT              ; 0                 ; Untyped                  ;
; CLK7_PHASE_SHIFT              ; 0                 ; Untyped                  ;
; CLK6_PHASE_SHIFT              ; 0                 ; Untyped                  ;
; CLK5_PHASE_SHIFT              ; 0                 ; Untyped                  ;
; CLK4_PHASE_SHIFT              ; 0                 ; Untyped                  ;
; CLK3_PHASE_SHIFT              ; 0                 ; Untyped                  ;
; CLK2_PHASE_SHIFT              ; 0                 ; Untyped                  ;
; CLK1_PHASE_SHIFT              ; 0                 ; Untyped                  ;
; CLK0_PHASE_SHIFT              ; 0                 ; Untyped                  ;
; CLK5_TIME_DELAY               ; 0                 ; Untyped                  ;
; CLK4_TIME_DELAY               ; 0                 ; Untyped                  ;
; CLK3_TIME_DELAY               ; 0                 ; Untyped                  ;
; CLK2_TIME_DELAY               ; 0                 ; Untyped                  ;
; CLK1_TIME_DELAY               ; 0                 ; Untyped                  ;
; CLK0_TIME_DELAY               ; 0                 ; Untyped                  ;
; CLK9_DUTY_CYCLE               ; 50                ; Untyped                  ;
; CLK8_DUTY_CYCLE               ; 50                ; Untyped                  ;
; CLK7_DUTY_CYCLE               ; 50                ; Untyped                  ;
; CLK6_DUTY_CYCLE               ; 50                ; Untyped                  ;
; CLK5_DUTY_CYCLE               ; 50                ; Untyped                  ;
; CLK4_DUTY_CYCLE               ; 50                ; Untyped                  ;
; CLK3_DUTY_CYCLE               ; 50                ; Untyped                  ;
; CLK2_DUTY_CYCLE               ; 50                ; Untyped                  ;
; CLK1_DUTY_CYCLE               ; 50                ; Signed Integer           ;
; CLK0_DUTY_CYCLE               ; 50                ; Signed Integer           ;
; CLK9_USE_EVEN_COUNTER_MODE    ; OFF               ; Untyped                  ;
; CLK8_USE_EVEN_COUNTER_MODE    ; OFF               ; Untyped                  ;
; CLK7_USE_EVEN_COUNTER_MODE    ; OFF               ; Untyped                  ;
; CLK6_USE_EVEN_COUNTER_MODE    ; OFF               ; Untyped                  ;
; CLK5_USE_EVEN_COUNTER_MODE    ; OFF               ; Untyped                  ;
; CLK4_USE_EVEN_COUNTER_MODE    ; OFF               ; Untyped                  ;
; CLK3_USE_EVEN_COUNTER_MODE    ; OFF               ; Untyped                  ;
; CLK2_USE_EVEN_COUNTER_MODE    ; OFF               ; Untyped                  ;
; CLK1_USE_EVEN_COUNTER_MODE    ; OFF               ; Untyped                  ;
; CLK0_USE_EVEN_COUNTER_MODE    ; OFF               ; Untyped                  ;
; CLK9_USE_EVEN_COUNTER_VALUE   ; OFF               ; Untyped                  ;
; CLK8_USE_EVEN_COUNTER_VALUE   ; OFF               ; Untyped                  ;
; CLK7_USE_EVEN_COUNTER_VALUE   ; OFF               ; Untyped                  ;
; CLK6_USE_EVEN_COUNTER_VALUE   ; OFF               ; Untyped                  ;
; CLK5_USE_EVEN_COUNTER_VALUE   ; OFF               ; Untyped                  ;
; CLK4_USE_EVEN_COUNTER_VALUE   ; OFF               ; Untyped                  ;
; CLK3_USE_EVEN_COUNTER_VALUE   ; OFF               ; Untyped                  ;
; CLK2_USE_EVEN_COUNTER_VALUE   ; OFF               ; Untyped                  ;
; CLK1_USE_EVEN_COUNTER_VALUE   ; OFF               ; Untyped                  ;
; CLK0_USE_EVEN_COUNTER_VALUE   ; OFF               ; Untyped                  ;
; LOCK_WINDOW_UI                ;  0.05             ; Untyped                  ;
; LOCK_WINDOW_UI_BITS           ; UNUSED            ; Untyped                  ;
; VCO_RANGE_DETECTOR_LOW_BITS   ; UNUSED            ; Untyped                  ;
; VCO_RANGE_DETECTOR_HIGH_BITS  ; UNUSED            ; Untyped                  ;
; DPA_MULTIPLY_BY               ; 0                 ; Untyped                  ;
; DPA_DIVIDE_BY                 ; 1                 ; Untyped                  ;
; DPA_DIVIDER                   ; 0                 ; Untyped                  ;
; EXTCLK3_MULTIPLY_BY           ; 1                 ; Untyped                  ;
; EXTCLK2_MULTIPLY_BY           ; 1                 ; Untyped                  ;
; EXTCLK1_MULTIPLY_BY           ; 1                 ; Untyped                  ;
; EXTCLK0_MULTIPLY_BY           ; 1                 ; Untyped                  ;
; EXTCLK3_DIVIDE_BY             ; 1                 ; Untyped                  ;
; EXTCLK2_DIVIDE_BY             ; 1                 ; Untyped                  ;
; EXTCLK1_DIVIDE_BY             ; 1                 ; Untyped                  ;
; EXTCLK0_DIVIDE_BY             ; 1                 ; Untyped                  ;
; EXTCLK3_PHASE_SHIFT           ; 0                 ; Untyped                  ;
; EXTCLK2_PHASE_SHIFT           ; 0                 ; Untyped                  ;
; EXTCLK1_PHASE_SHIFT           ; 0                 ; Untyped                  ;
; EXTCLK0_PHASE_SHIFT           ; 0                 ; Untyped                  ;
; EXTCLK3_TIME_DELAY            ; 0                 ; Untyped                  ;
; EXTCLK2_TIME_DELAY            ; 0                 ; Untyped                  ;
; EXTCLK1_TIME_DELAY            ; 0                 ; Untyped                  ;
; EXTCLK0_TIME_DELAY            ; 0                 ; Untyped                  ;
; EXTCLK3_DUTY_CYCLE            ; 50                ; Untyped                  ;
; EXTCLK2_DUTY_CYCLE            ; 50                ; Untyped                  ;
; EXTCLK1_DUTY_CYCLE            ; 50                ; Untyped                  ;
; EXTCLK0_DUTY_CYCLE            ; 50                ; Untyped                  ;
; VCO_MULTIPLY_BY               ; 0                 ; Untyped                  ;
; VCO_DIVIDE_BY                 ; 0                 ; Untyped                  ;
; SCLKOUT0_PHASE_SHIFT          ; 0                 ; Untyped                  ;
; SCLKOUT1_PHASE_SHIFT          ; 0                 ; Untyped                  ;
; VCO_MIN                       ; 0                 ; Untyped                  ;
; VCO_MAX                       ; 0                 ; Untyped                  ;
; VCO_CENTER                    ; 0                 ; Untyped                  ;
; PFD_MIN                       ; 0                 ; Untyped                  ;
; PFD_MAX                       ; 0                 ; Untyped                  ;
; M_INITIAL                     ; 0                 ; Untyped                  ;
; M                             ; 0                 ; Untyped                  ;
; N                             ; 1                 ; Untyped                  ;
; M2                            ; 1                 ; Untyped                  ;
; N2                            ; 1                 ; Untyped                  ;
; SS                            ; 1                 ; Untyped                  ;
; C0_HIGH                       ; 0                 ; Untyped                  ;
; C1_HIGH                       ; 0                 ; Untyped                  ;
; C2_HIGH                       ; 0                 ; Untyped                  ;
; C3_HIGH                       ; 0                 ; Untyped                  ;
; C4_HIGH                       ; 0                 ; Untyped                  ;
; C5_HIGH                       ; 0                 ; Untyped                  ;
; C6_HIGH                       ; 0                 ; Untyped                  ;
; C7_HIGH                       ; 0                 ; Untyped                  ;
; C8_HIGH                       ; 0                 ; Untyped                  ;
; C9_HIGH                       ; 0                 ; Untyped                  ;
; C0_LOW                        ; 0                 ; Untyped                  ;
; C1_LOW                        ; 0                 ; Untyped                  ;
; C2_LOW                        ; 0                 ; Untyped                  ;
; C3_LOW                        ; 0                 ; Untyped                  ;
; C4_LOW                        ; 0                 ; Untyped                  ;
; C5_LOW                        ; 0                 ; Untyped                  ;
; C6_LOW                        ; 0                 ; Untyped                  ;
; C7_LOW                        ; 0                 ; Untyped                  ;
; C8_LOW                        ; 0                 ; Untyped                  ;
; C9_LOW                        ; 0                 ; Untyped                  ;
; C0_INITIAL                    ; 0                 ; Untyped                  ;
; C1_INITIAL                    ; 0                 ; Untyped                  ;
; C2_INITIAL                    ; 0                 ; Untyped                  ;
; C3_INITIAL                    ; 0                 ; Untyped                  ;
; C4_INITIAL                    ; 0                 ; Untyped                  ;
; C5_INITIAL                    ; 0                 ; Untyped                  ;
; C6_INITIAL                    ; 0                 ; Untyped                  ;
; C7_INITIAL                    ; 0                 ; Untyped                  ;
; C8_INITIAL                    ; 0                 ; Untyped                  ;
; C9_INITIAL                    ; 0                 ; Untyped                  ;
; C0_MODE                       ; BYPASS            ; Untyped                  ;
; C1_MODE                       ; BYPASS            ; Untyped                  ;
; C2_MODE                       ; BYPASS            ; Untyped                  ;
; C3_MODE                       ; BYPASS            ; Untyped                  ;
; C4_MODE                       ; BYPASS            ; Untyped                  ;
; C5_MODE                       ; BYPASS            ; Untyped                  ;
; C6_MODE                       ; BYPASS            ; Untyped                  ;
; C7_MODE                       ; BYPASS            ; Untyped                  ;
; C8_MODE                       ; BYPASS            ; Untyped                  ;
; C9_MODE                       ; BYPASS            ; Untyped                  ;
; C0_PH                         ; 0                 ; Untyped                  ;
; C1_PH                         ; 0                 ; Untyped                  ;
; C2_PH                         ; 0                 ; Untyped                  ;
; C3_PH                         ; 0                 ; Untyped                  ;
; C4_PH                         ; 0                 ; Untyped                  ;
; C5_PH                         ; 0                 ; Untyped                  ;
; C6_PH                         ; 0                 ; Untyped                  ;
; C7_PH                         ; 0                 ; Untyped                  ;
; C8_PH                         ; 0                 ; Untyped                  ;
; C9_PH                         ; 0                 ; Untyped                  ;
; L0_HIGH                       ; 1                 ; Untyped                  ;
; L1_HIGH                       ; 1                 ; Untyped                  ;
; G0_HIGH                       ; 1                 ; Untyped                  ;
; G1_HIGH                       ; 1                 ; Untyped                  ;
; G2_HIGH                       ; 1                 ; Untyped                  ;
; G3_HIGH                       ; 1                 ; Untyped                  ;
; E0_HIGH                       ; 1                 ; Untyped                  ;
; E1_HIGH                       ; 1                 ; Untyped                  ;
; E2_HIGH                       ; 1                 ; Untyped                  ;
; E3_HIGH                       ; 1                 ; Untyped                  ;
; L0_LOW                        ; 1                 ; Untyped                  ;
; L1_LOW                        ; 1                 ; Untyped                  ;
; G0_LOW                        ; 1                 ; Untyped                  ;
; G1_LOW                        ; 1                 ; Untyped                  ;
; G2_LOW                        ; 1                 ; Untyped                  ;
; G3_LOW                        ; 1                 ; Untyped                  ;
; E0_LOW                        ; 1                 ; Untyped                  ;
; E1_LOW                        ; 1                 ; Untyped                  ;
; E2_LOW                        ; 1                 ; Untyped                  ;
; E3_LOW                        ; 1                 ; Untyped                  ;
; L0_INITIAL                    ; 1                 ; Untyped                  ;
; L1_INITIAL                    ; 1                 ; Untyped                  ;
; G0_INITIAL                    ; 1                 ; Untyped                  ;
; G1_INITIAL                    ; 1                 ; Untyped                  ;
; G2_INITIAL                    ; 1                 ; Untyped                  ;
; G3_INITIAL                    ; 1                 ; Untyped                  ;
; E0_INITIAL                    ; 1                 ; Untyped                  ;
; E1_INITIAL                    ; 1                 ; Untyped                  ;
; E2_INITIAL                    ; 1                 ; Untyped                  ;
; E3_INITIAL                    ; 1                 ; Untyped                  ;
; L0_MODE                       ; BYPASS            ; Untyped                  ;
; L1_MODE                       ; BYPASS            ; Untyped                  ;
; G0_MODE                       ; BYPASS            ; Untyped                  ;
; G1_MODE                       ; BYPASS            ; Untyped                  ;
; G2_MODE                       ; BYPASS            ; Untyped                  ;
; G3_MODE                       ; BYPASS            ; Untyped                  ;
; E0_MODE                       ; BYPASS            ; Untyped                  ;
; E1_MODE                       ; BYPASS            ; Untyped                  ;
; E2_MODE                       ; BYPASS            ; Untyped                  ;
; E3_MODE                       ; BYPASS            ; Untyped                  ;
; L0_PH                         ; 0                 ; Untyped                  ;
; L1_PH                         ; 0                 ; Untyped                  ;
; G0_PH                         ; 0                 ; Untyped                  ;
; G1_PH                         ; 0                 ; Untyped                  ;
; G2_PH                         ; 0                 ; Untyped                  ;
; G3_PH                         ; 0                 ; Untyped                  ;
; E0_PH                         ; 0                 ; Untyped                  ;
; E1_PH                         ; 0                 ; Untyped                  ;
; E2_PH                         ; 0                 ; Untyped                  ;
; E3_PH                         ; 0                 ; Untyped                  ;
; M_PH                          ; 0                 ; Untyped                  ;
; C1_USE_CASC_IN                ; OFF               ; Untyped                  ;
; C2_USE_CASC_IN                ; OFF               ; Untyped                  ;
; C3_USE_CASC_IN                ; OFF               ; Untyped                  ;
; C4_USE_CASC_IN                ; OFF               ; Untyped                  ;
; C5_USE_CASC_IN                ; OFF               ; Untyped                  ;
; C6_USE_CASC_IN                ; OFF               ; Untyped                  ;
; C7_USE_CASC_IN                ; OFF               ; Untyped                  ;
; C8_USE_CASC_IN                ; OFF               ; Untyped                  ;
; C9_USE_CASC_IN                ; OFF               ; Untyped                  ;
; CLK0_COUNTER                  ; G0                ; Untyped                  ;
; CLK1_COUNTER                  ; G0                ; Untyped                  ;
; CLK2_COUNTER                  ; G0                ; Untyped                  ;
; CLK3_COUNTER                  ; G0                ; Untyped                  ;
; CLK4_COUNTER                  ; G0                ; Untyped                  ;
; CLK5_COUNTER                  ; G0                ; Untyped                  ;
; CLK6_COUNTER                  ; E0                ; Untyped                  ;
; CLK7_COUNTER                  ; E1                ; Untyped                  ;
; CLK8_COUNTER                  ; E2                ; Untyped                  ;
; CLK9_COUNTER                  ; E3                ; Untyped                  ;
; L0_TIME_DELAY                 ; 0                 ; Untyped                  ;
; L1_TIME_DELAY                 ; 0                 ; Untyped                  ;
; G0_TIME_DELAY                 ; 0                 ; Untyped                  ;
; G1_TIME_DELAY                 ; 0                 ; Untyped                  ;
; G2_TIME_DELAY                 ; 0                 ; Untyped                  ;
; G3_TIME_DELAY                 ; 0                 ; Untyped                  ;
; E0_TIME_DELAY                 ; 0                 ; Untyped                  ;
; E1_TIME_DELAY                 ; 0                 ; Untyped                  ;
; E2_TIME_DELAY                 ; 0                 ; Untyped                  ;
; E3_TIME_DELAY                 ; 0                 ; Untyped                  ;
; M_TIME_DELAY                  ; 0                 ; Untyped                  ;
; N_TIME_DELAY                  ; 0                 ; Untyped                  ;
; EXTCLK3_COUNTER               ; E3                ; Untyped                  ;
; EXTCLK2_COUNTER               ; E2                ; Untyped                  ;
; EXTCLK1_COUNTER               ; E1                ; Untyped                  ;
; EXTCLK0_COUNTER               ; E0                ; Untyped                  ;
; ENABLE0_COUNTER               ; L0                ; Untyped                  ;
; ENABLE1_COUNTER               ; L0                ; Untyped                  ;
; CHARGE_PUMP_CURRENT           ; 2                 ; Untyped                  ;
; LOOP_FILTER_R                 ;  1.000000         ; Untyped                  ;
; LOOP_FILTER_C                 ; 5                 ; Untyped                  ;
; CHARGE_PUMP_CURRENT_BITS      ; 9999              ; Untyped                  ;
; LOOP_FILTER_R_BITS            ; 9999              ; Untyped                  ;
; LOOP_FILTER_C_BITS            ; 9999              ; Untyped                  ;
; VCO_POST_SCALE                ; 0                 ; Untyped                  ;
; CLK2_OUTPUT_FREQUENCY         ; 0                 ; Untyped                  ;
; CLK1_OUTPUT_FREQUENCY         ; 0                 ; Untyped                  ;
; CLK0_OUTPUT_FREQUENCY         ; 0                 ; Untyped                  ;
; INTENDED_DEVICE_FAMILY        ; Cyclone IV E      ; Untyped                  ;
; PORT_CLKENA0                  ; PORT_UNUSED       ; Untyped                  ;
; PORT_CLKENA1                  ; PORT_UNUSED       ; Untyped                  ;
; PORT_CLKENA2                  ; PORT_UNUSED       ; Untyped                  ;
; PORT_CLKENA3                  ; PORT_UNUSED       ; Untyped                  ;
; PORT_CLKENA4                  ; PORT_UNUSED       ; Untyped                  ;
; PORT_CLKENA5                  ; PORT_UNUSED       ; Untyped                  ;
; PORT_EXTCLKENA0               ; PORT_CONNECTIVITY ; Untyped                  ;
; PORT_EXTCLKENA1               ; PORT_CONNECTIVITY ; Untyped                  ;
; PORT_EXTCLKENA2               ; PORT_CONNECTIVITY ; Untyped                  ;
; PORT_EXTCLKENA3               ; PORT_CONNECTIVITY ; Untyped                  ;
; PORT_EXTCLK0                  ; PORT_UNUSED       ; Untyped                  ;
; PORT_EXTCLK1                  ; PORT_UNUSED       ; Untyped                  ;
; PORT_EXTCLK2                  ; PORT_UNUSED       ; Untyped                  ;
; PORT_EXTCLK3                  ; PORT_UNUSED       ; Untyped                  ;
; PORT_CLKBAD0                  ; PORT_UNUSED       ; Untyped                  ;
; PORT_CLKBAD1                  ; PORT_UNUSED       ; Untyped                  ;
; PORT_CLK0                     ; PORT_USED         ; Untyped                  ;
; PORT_CLK1                     ; PORT_USED         ; Untyped                  ;
; PORT_CLK2                     ; PORT_UNUSED       ; Untyped                  ;
; PORT_CLK3                     ; PORT_UNUSED       ; Untyped                  ;
; PORT_CLK4                     ; PORT_UNUSED       ; Untyped                  ;
; PORT_CLK5                     ; PORT_UNUSED       ; Untyped                  ;
; PORT_CLK6                     ; PORT_UNUSED       ; Untyped                  ;
; PORT_CLK7                     ; PORT_UNUSED       ; Untyped                  ;
; PORT_CLK8                     ; PORT_UNUSED       ; Untyped                  ;
; PORT_CLK9                     ; PORT_UNUSED       ; Untyped                  ;
; PORT_SCANDATA                 ; PORT_UNUSED       ; Untyped                  ;
; PORT_SCANDATAOUT              ; PORT_UNUSED       ; Untyped                  ;
; PORT_SCANDONE                 ; PORT_UNUSED       ; Untyped                  ;
; PORT_SCLKOUT1                 ; PORT_CONNECTIVITY ; Untyped                  ;
; PORT_SCLKOUT0                 ; PORT_CONNECTIVITY ; Untyped                  ;
; PORT_ACTIVECLOCK              ; PORT_UNUSED       ; Untyped                  ;
; PORT_CLKLOSS                  ; PORT_UNUSED       ; Untyped                  ;
; PORT_INCLK1                   ; PORT_UNUSED       ; Untyped                  ;
; PORT_INCLK0                   ; PORT_USED         ; Untyped                  ;
; PORT_FBIN                     ; PORT_UNUSED       ; Untyped                  ;
; PORT_PLLENA                   ; PORT_UNUSED       ; Untyped                  ;
; PORT_CLKSWITCH                ; PORT_UNUSED       ; Untyped                  ;
; PORT_ARESET                   ; PORT_UNUSED       ; Untyped                  ;
; PORT_PFDENA                   ; PORT_UNUSED       ; Untyped                  ;
; PORT_SCANCLK                  ; PORT_UNUSED       ; Untyped                  ;
; PORT_SCANACLR                 ; PORT_UNUSED       ; Untyped                  ;
; PORT_SCANREAD                 ; PORT_UNUSED       ; Untyped                  ;
; PORT_SCANWRITE                ; PORT_UNUSED       ; Untyped                  ;
; PORT_ENABLE0                  ; PORT_CONNECTIVITY ; Untyped                  ;
; PORT_ENABLE1                  ; PORT_CONNECTIVITY ; Untyped                  ;
; PORT_LOCKED                   ; PORT_UNUSED       ; Untyped                  ;
; PORT_CONFIGUPDATE             ; PORT_UNUSED       ; Untyped                  ;
; PORT_FBOUT                    ; PORT_CONNECTIVITY ; Untyped                  ;
; PORT_PHASEDONE                ; PORT_UNUSED       ; Untyped                  ;
; PORT_PHASESTEP                ; PORT_UNUSED       ; Untyped                  ;
; PORT_PHASEUPDOWN              ; PORT_UNUSED       ; Untyped                  ;
; PORT_SCANCLKENA               ; PORT_UNUSED       ; Untyped                  ;
; PORT_PHASECOUNTERSELECT       ; PORT_UNUSED       ; Untyped                  ;
; PORT_VCOOVERRANGE             ; PORT_CONNECTIVITY ; Untyped                  ;
; PORT_VCOUNDERRANGE            ; PORT_CONNECTIVITY ; Untyped                  ;
; M_TEST_SOURCE                 ; 5                 ; Untyped                  ;
; C0_TEST_SOURCE                ; 5                 ; Untyped                  ;
; C1_TEST_SOURCE                ; 5                 ; Untyped                  ;
; C2_TEST_SOURCE                ; 5                 ; Untyped                  ;
; C3_TEST_SOURCE                ; 5                 ; Untyped                  ;
; C4_TEST_SOURCE                ; 5                 ; Untyped                  ;
; C5_TEST_SOURCE                ; 5                 ; Untyped                  ;
; C6_TEST_SOURCE                ; 5                 ; Untyped                  ;
; C7_TEST_SOURCE                ; 5                 ; Untyped                  ;
; C8_TEST_SOURCE                ; 5                 ; Untyped                  ;
; C9_TEST_SOURCE                ; 5                 ; Untyped                  ;
; CBXI_PARAMETER                ; pll1_altpll       ; Untyped                  ;
; VCO_FREQUENCY_CONTROL         ; AUTO              ; Untyped                  ;
; VCO_PHASE_SHIFT_STEP          ; 0                 ; Untyped                  ;
; WIDTH_CLOCK                   ; 5                 ; Signed Integer           ;
; WIDTH_PHASECOUNTERSELECT      ; 4                 ; Untyped                  ;
; USING_FBMIMICBIDIR_PORT       ; OFF               ; Untyped                  ;
; DEVICE_FAMILY                 ; Cyclone IV E      ; Untyped                  ;
; SCAN_CHAIN_MIF_FILE           ; UNUSED            ; Untyped                  ;
; SIM_GATE_LOCK_DEVICE_BEHAVIOR ; OFF               ; Untyped                  ;
; AUTO_CARRY_CHAINS             ; ON                ; AUTO_CARRY               ;
; IGNORE_CARRY_BUFFERS          ; OFF               ; IGNORE_CARRY             ;
; AUTO_CASCADE_CHAINS           ; ON                ; AUTO_CASCADE             ;
; IGNORE_CASCADE_BUFFERS        ; OFF               ; IGNORE_CASCADE           ;
+-------------------------------+-------------------+--------------------------+
Note: In order to hide this table in the UI and the text report file, please set the "Show Parameter Settings Tables in Synthesis Report" option in "Analysis and Synthesis Settings -> More Settings" to "Off".


+------------------------------------------------------------+
; Parameter Settings for User Entity Instance: IR_RECEIVE:u1 ;
+-------------------+--------+-------------------------------+
; Parameter Name    ; Value  ; Type                          ;
+-------------------+--------+-------------------------------+
; IDLE              ; 00     ; Unsigned Binary               ;
; GUIDANCE          ; 01     ; Unsigned Binary               ;
; DATAREAD          ; 10     ; Unsigned Binary               ;
; IDLE_HIGH_DUR     ; 262143 ; Signed Integer                ;
; GUIDE_LOW_DUR     ; 230000 ; Signed Integer                ;
; GUIDE_HIGH_DUR    ; 210000 ; Signed Integer                ;
; DATA_HIGH_DUR     ; 41500  ; Signed Integer                ;
; BIT_AVAILABLE_DUR ; 20000  ; Signed Integer                ;
+-------------------+--------+-------------------------------+
Note: In order to hide this table in the UI and the text report file, please set the "Show Parameter Settings Tables in Synthesis Report" option in "Analysis and Synthesis Settings -> More Settings" to "Off".


+-----------------------------------------------------------------+
; altpll Parameter Settings by Entity Instance                    ;
+-------------------------------+---------------------------------+
; Name                          ; Value                           ;
+-------------------------------+---------------------------------+
; Number of entity instances    ; 1                               ;
; Entity Instance               ; pll1:u0|altpll:altpll_component ;
;     -- OPERATION_MODE         ; NORMAL                          ;
;     -- PLL_TYPE               ; AUTO                            ;
;     -- PRIMARY_CLOCK          ; INCLK0                          ;
;     -- INCLK0_INPUT_FREQUENCY ; 20000                           ;
;     -- INCLK1_INPUT_FREQUENCY ; 0                               ;
;     -- VCO_MULTIPLY_BY        ; 0                               ;
;     -- VCO_DIVIDE_BY          ; 0                               ;
+-------------------------------+---------------------------------+


+-----------------------------------------------------------------------------------------------------------------------+
; Port Connectivity Checks: "IR_RECEIVE:u1"                                                                             ;
+-------------+--------+----------+-------------------------------------------------------------------------------------+
; Port        ; Type   ; Severity ; Details                                                                             ;
+-------------+--------+----------+-------------------------------------------------------------------------------------+
; oDATA_READY ; Output ; Info     ; Connected to dangling logic. Logic that only feeds a dangling port will be removed. ;
+-------------+--------+----------+-------------------------------------------------------------------------------------+


+---------------------------------------------------+
; Port Connectivity Checks: "pll1:u0"               ;
+------+--------+----------+------------------------+
; Port ; Type   ; Severity ; Details                ;
+------+--------+----------+------------------------+
; c1   ; Output ; Info     ; Explicitly unconnected ;
+------+--------+----------+------------------------+


+-------------------------------+
; Analysis & Synthesis Messages ;
+-------------------------------+
Info: *******************************************************************
Info: Running Quartus II Analysis & Synthesis
    Info: Version 9.1 Build 350 03/24/2010 Service Pack 2 SJ Web Edition
    Info: Processing started: Sat Aug 06 10:53:21 2022
Info: Command: quartus_map --read_settings_files=on --write_settings_files=off DE2_115_IR -c DE2_115_IR
Info: Found 1 design units, including 1 entities, in source file de2_115_ir.v
    Info: Found entity 1: DE2_115_IR
Info: Found 1 design units, including 1 entities, in source file seg_hex.v
    Info: Found entity 1: SEG_HEX
Info: Found 1 design units, including 1 entities, in source file ir_receive_terasic.v
    Info: Found entity 1: IR_RECEIVE
Info: Found 1 design units, including 1 entities, in source file pll1.v
    Info: Found entity 1: pll1
Info: Elaborating entity "DE2_115_IR" for the top level hierarchy
Warning (10034): Output port "LEDG" at DE2_115_IR.v(257) has no driver
Warning (10034): Output port "LEDR" at DE2_115_IR.v(258) has no driver
Warning (10034): Output port "VGA_B" at DE2_115_IR.v(303) has no driver
Warning (10034): Output port "VGA_G" at DE2_115_IR.v(306) has no driver
Warning (10034): Output port "VGA_R" at DE2_115_IR.v(308) has no driver
Warning (10034): Output port "ENET0_TX_DATA" at DE2_115_IR.v(341) has no driver
Warning (10034): Output port "ENET1_TX_DATA" at DE2_115_IR.v(359) has no driver
Warning (10034): Output port "OTG_ADDR" at DE2_115_IR.v(374) has no driver
Warning (10034): Output port "DRAM_ADDR" at DE2_115_IR.v(385) has no driver
Warning (10034): Output port "DRAM_BA" at DE2_115_IR.v(386) has no driver
Warning (10034): Output port "DRAM_DQM" at DE2_115_IR.v(392) has no driver
Warning (10034): Output port "SRAM_ADDR" at DE2_115_IR.v(397) has no driver
Warning (10034): Output port "FL_ADDR" at DE2_115_IR.v(406) has no driver
Warning (10034): Output port "HSMC_TX_D_P" at DE2_115_IR.v(434) has no driver
Warning (10034): Output port "SMA_CLKOUT" at DE2_115_IR.v(254) has no driver
Warning (10034): Output port "LCD_BLON" at DE2_115_IR.v(277) has no driver
Warning (10034): Output port "LCD_EN" at DE2_115_IR.v(279) has no driver
Warning (10034): Output port "LCD_ON" at DE2_115_IR.v(280) has no driver
Warning (10034): Output port "LCD_RS" at DE2_115_IR.v(281) has no driver
Warning (10034): Output port "LCD_RW" at DE2_115_IR.v(282) has no driver
Warning (10034): Output port "UART_RTS" at DE2_115_IR.v(286) has no driver
Warning (10034): Output port "UART_TXD" at DE2_115_IR.v(288) has no driver
Warning (10034): Output port "SD_CLK" at DE2_115_IR.v(297) has no driver
Warning (10034): Output port "VGA_BLANK_N" at DE2_115_IR.v(304) has no driver
Warning (10034): Output port "VGA_CLK" at DE2_115_IR.v(305) has no driver
Warning (10034): Output port "VGA_HS" at DE2_115_IR.v(307) has no driver
Warning (10034): Output port "VGA_SYNC_N" at DE2_115_IR.v(309) has no driver
Warning (10034): Output port "VGA_VS" at DE2_115_IR.v(310) has no driver
Warning (10034): Output port "AUD_DACDAT" at DE2_115_IR.v(316) has no driver
Warning (10034): Output port "AUD_XCK" at DE2_115_IR.v(318) has no driver
Warning (10034): Output port "EEP_I2C_SCLK" at DE2_115_IR.v(321) has no driver
Warning (10034): Output port "I2C_SCLK" at DE2_115_IR.v(325) has no driver
Warning (10034): Output port "ENET0_GTX_CLK" at DE2_115_IR.v(329) has no driver
Warning (10034): Output port "ENET0_MDC" at DE2_115_IR.v(331) has no driver
Warning (10034): Output port "ENET0_RST_N" at DE2_115_IR.v(333) has no driver
Warning (10034): Output port "ENET0_TX_EN" at DE2_115_IR.v(342) has no driver
Warning (10034): Output port "ENET0_TX_ER" at DE2_115_IR.v(343) has no driver
Warning (10034): Output port "ENET1_GTX_CLK" at DE2_115_IR.v(347) has no driver
Warning (10034): Output port "ENET1_MDC" at DE2_115_IR.v(349) has no driver
Warning (10034): Output port "ENET1_RST_N" at DE2_115_IR.v(351) has no driver
Warning (10034): Output port "ENET1_TX_EN" at DE2_115_IR.v(360) has no driver
Warning (10034): Output port "ENET1_TX_ER" at DE2_115_IR.v(361) has no driver
Warning (10034): Output port "TD_RESET_N" at DE2_115_IR.v(368) has no driver
Warning (10034): Output port "OTG_CS_N" at DE2_115_IR.v(375) has no driver
Warning (10034): Output port "OTG_WR_N" at DE2_115_IR.v(376) has no driver
Warning (10034): Output port "OTG_RD_N" at DE2_115_IR.v(377) has no driver
Warning (10034): Output port "OTG_RST_N" at DE2_115_IR.v(379) has no driver
Warning (10034): Output port "DRAM_CAS_N" at DE2_115_IR.v(387) has no driver
Warning (10034): Output port "DRAM_CKE" at DE2_115_IR.v(388) has no driver
Warning (10034): Output port "DRAM_CLK" at DE2_115_IR.v(389) has no driver
Warning (10034): Output port "DRAM_CS_N" at DE2_115_IR.v(390) has no driver
Warning (10034): Output port "DRAM_RAS_N" at DE2_115_IR.v(393) has no driver
Warning (10034): Output port "DRAM_WE_N" at DE2_115_IR.v(394) has no driver
Warning (10034): Output port "SRAM_CE_N" at DE2_115_IR.v(398) has no driver
Warning (10034): Output port "SRAM_LB_N" at DE2_115_IR.v(400) has no driver
Warning (10034): Output port "SRAM_OE_N" at DE2_115_IR.v(401) has no driver
Warning (10034): Output port "SRAM_UB_N" at DE2_115_IR.v(402) has no driver
Warning (10034): Output port "SRAM_WE_N" at DE2_115_IR.v(403) has no driver
Warning (10034): Output port "FL_CE_N" at DE2_115_IR.v(407) has no driver
Warning (10034): Output port "FL_OE_N" at DE2_115_IR.v(409) has no driver
Warning (10034): Output port "FL_RST_N" at DE2_115_IR.v(410) has no driver
Warning (10034): Output port "FL_WE_N" at DE2_115_IR.v(412) has no driver
Warning (10034): Output port "FL_WP_N" at DE2_115_IR.v(413) has no driver
Warning (10034): Output port "HSMC_CLKOUT_P1" at DE2_115_IR.v(427) has no driver
Warning (10034): Output port "HSMC_CLKOUT_P2" at DE2_115_IR.v(428) has no driver
Warning (10034): Output port "HSMC_CLKOUT0" at DE2_115_IR.v(429) has no driver
Warning (10665): Bidirectional port "AUD_DACLRCK" at DE2_115_IR.v(317) has a one-way connection to bidirectional port "AUD_ADCLRCK"
Info: Elaborating entity "pll1" for hierarchy "pll1:u0"
Info: Elaborating entity "altpll" for hierarchy "pll1:u0|altpll:altpll_component"
Info: Elaborated megafunction instantiation "pll1:u0|altpll:altpll_component"
Info: Instantiated megafunction "pll1:u0|altpll:altpll_component" with the following parameter:
    Info: Parameter "bandwidth_type" = "AUTO"
    Info: Parameter "clk0_divide_by" = "1"
    Info: Parameter "clk0_duty_cycle" = "50"
    Info: Parameter "clk0_multiply_by" = "1"
    Info: Parameter "clk0_phase_shift" = "0"
    Info: Parameter "clk1_divide_by" = "5"
    Info: Parameter "clk1_duty_cycle" = "50"
    Info: Parameter "clk1_multiply_by" = "1"
    Info: Parameter "clk1_phase_shift" = "0"
    Info: Parameter "compensate_clock" = "CLK0"
    Info: Parameter "inclk0_input_frequency" = "20000"
    Info: Parameter "intended_device_family" = "Cyclone IV E"
    Info: Parameter "lpm_hint" = "CBX_MODULE_PREFIX=pll1"
    Info: Parameter "lpm_type" = "altpll"
    Info: Parameter "operation_mode" = "NORMAL"
    Info: Parameter "pll_type" = "AUTO"
    Info: Parameter "port_activeclock" = "PORT_UNUSED"
    Info: Parameter "port_areset" = "PORT_UNUSED"
    Info: Parameter "port_clkbad0" = "PORT_UNUSED"
    Info: Parameter "port_clkbad1" = "PORT_UNUSED"
    Info: Parameter "port_clkloss" = "PORT_UNUSED"
    Info: Parameter "port_clkswitch" = "PORT_UNUSED"
    Info: Parameter "port_configupdate" = "PORT_UNUSED"
    Info: Parameter "port_fbin" = "PORT_UNUSED"
    Info: Parameter "port_inclk0" = "PORT_USED"
    Info: Parameter "port_inclk1" = "PORT_UNUSED"
    Info: Parameter "port_locked" = "PORT_UNUSED"
    Info: Parameter "port_pfdena" = "PORT_UNUSED"
    Info: Parameter "port_phasecounterselect" = "PORT_UNUSED"
    Info: Parameter "port_phasedone" = "PORT_UNUSED"
    Info: Parameter "port_phasestep" = "PORT_UNUSED"
    Info: Parameter "port_phaseupdown" = "PORT_UNUSED"
    Info: Parameter "port_pllena" = "PORT_UNUSED"
    Info: Parameter "port_scanaclr" = "PORT_UNUSED"
    Info: Parameter "port_scanclk" = "PORT_UNUSED"
    Info: Parameter "port_scanclkena" = "PORT_UNUSED"
    Info: Parameter "port_scandata" = "PORT_UNUSED"
    Info: Parameter "port_scandataout" = "PORT_UNUSED"
    Info: Parameter "port_scandone" = "PORT_UNUSED"
    Info: Parameter "port_scanread" = "PORT_UNUSED"
    Info: Parameter "port_scanwrite" = "PORT_UNUSED"
    Info: Parameter "port_clk0" = "PORT_USED"
    Info: Parameter "port_clk1" = "PORT_USED"
    Info: Parameter "port_clk2" = "PORT_UNUSED"
    Info: Parameter "port_clk3" = "PORT_UNUSED"
    Info: Parameter "port_clk4" = "PORT_UNUSED"
    Info: Parameter "port_clk5" = "PORT_UNUSED"
    Info: Parameter "port_clkena0" = "PORT_UNUSED"
    Info: Parameter "port_clkena1" = "PORT_UNUSED"
    Info: Parameter "port_clkena2" = "PORT_UNUSED"
    Info: Parameter "port_clkena3" = "PORT_UNUSED"
    Info: Parameter "port_clkena4" = "PORT_UNUSED"
    Info: Parameter "port_clkena5" = "PORT_UNUSED"
    Info: Parameter "port_extclk0" = "PORT_UNUSED"
    Info: Parameter "port_extclk1" = "PORT_UNUSED"
    Info: Parameter "port_extclk2" = "PORT_UNUSED"
    Info: Parameter "port_extclk3" = "PORT_UNUSED"
    Info: Parameter "width_clock" = "5"
Info: Found 1 design units, including 1 entities, in source file db/pll1_altpll.v
    Info: Found entity 1: pll1_altpll
Info: Elaborating entity "pll1_altpll" for hierarchy "pll1:u0|altpll:altpll_component|pll1_altpll:auto_generated"
Info: Elaborating entity "IR_RECEIVE" for hierarchy "IR_RECEIVE:u1"
Info: Elaborating entity "SEG_HEX" for hierarchy "SEG_HEX:u2"
Warning: The following bidir pins have no drivers
    Warning: Bidir "LCD_DATA[0]" has no driver
    Warning: Bidir "LCD_DATA[1]" has no driver
    Warning: Bidir "LCD_DATA[2]" has no driver
    Warning: Bidir "LCD_DATA[3]" has no driver
    Warning: Bidir "LCD_DATA[4]" has no driver
    Warning: Bidir "LCD_DATA[5]" has no driver
    Warning: Bidir "LCD_DATA[6]" has no driver
    Warning: Bidir "LCD_DATA[7]" has no driver
    Warning: Bidir "PS2_CLK" has no driver
    Warning: Bidir "PS2_DAT" has no driver
    Warning: Bidir "PS2_CLK2" has no driver
    Warning: Bidir "PS2_DAT2" has no driver
    Warning: Bidir "SD_CMD" has no driver
    Warning: Bidir "AUD_BCLK" has no driver
    Warning: Bidir "EEP_I2C_SDAT" has no driver
    Warning: Bidir "I2C_SDAT" has no driver
    Warning: Bidir "ENET0_MDIO" has no driver
    Warning: Bidir "ENET1_MDIO" has no driver
    Warning: Bidir "OTG_DATA[0]" has no driver
    Warning: Bidir "OTG_DATA[1]" has no driver
    Warning: Bidir "OTG_DATA[2]" has no driver
    Warning: Bidir "OTG_DATA[3]" has no driver
    Warning: Bidir "OTG_DATA[4]" has no driver
    Warning: Bidir "OTG_DATA[5]" has no driver
    Warning: Bidir "OTG_DATA[6]" has no driver
    Warning: Bidir "OTG_DATA[7]" has no driver
    Warning: Bidir "OTG_DATA[8]" has no driver
    Warning: Bidir "OTG_DATA[9]" has no driver
    Warning: Bidir "OTG_DATA[10]" has no driver
    Warning: Bidir "OTG_DATA[11]" has no driver
    Warning: Bidir "OTG_DATA[12]" has no driver
    Warning: Bidir "OTG_DATA[13]" has no driver
    Warning: Bidir "OTG_DATA[14]" has no driver
    Warning: Bidir "OTG_DATA[15]" has no driver
    Warning: Bidir "DRAM_DQ[0]" has no driver
    Warning: Bidir "DRAM_DQ[1]" has no driver
    Warning: Bidir "DRAM_DQ[2]" has no driver
    Warning: Bidir "DRAM_DQ[3]" has no driver
    Warning: Bidir "DRAM_DQ[4]" has no driver
    Warning: Bidir "DRAM_DQ[5]" has no driver
    Warning: Bidir "DRAM_DQ[6]" has no driver
    Warning: Bidir "DRAM_DQ[7]" has no driver
    Warning: Bidir "DRAM_DQ[8]" has no driver
    Warning: Bidir "DRAM_DQ[9]" has no driver
    Warning: Bidir "DRAM_DQ[10]" has no driver
    Warning: Bidir "DRAM_DQ[11]" has no driver
    Warning: Bidir "DRAM_DQ[12]" has no driver
    Warning: Bidir "DRAM_DQ[13]" has no driver
    Warning: Bidir "DRAM_DQ[14]" has no driver
    Warning: Bidir "DRAM_DQ[15]" has no driver
    Warning: Bidir "DRAM_DQ[16]" has no driver
    Warning: Bidir "DRAM_DQ[17]" has no driver
    Warning: Bidir "DRAM_DQ[18]" has no driver
    Warning: Bidir "DRAM_DQ[19]" has no driver
    Warning: Bidir "DRAM_DQ[20]" has no driver
    Warning: Bidir "DRAM_DQ[21]" has no driver
    Warning: Bidir "DRAM_DQ[22]" has no driver
    Warning: Bidir "DRAM_DQ[23]" has no driver
    Warning: Bidir "DRAM_DQ[24]" has no driver
    Warning: Bidir "DRAM_DQ[25]" has no driver
    Warning: Bidir "DRAM_DQ[26]" has no driver
    Warning: Bidir "DRAM_DQ[27]" has no driver
    Warning: Bidir "DRAM_DQ[28]" has no driver
    Warning: Bidir "DRAM_DQ[29]" has no driver
    Warning: Bidir "DRAM_DQ[30]" has no driver
    Warning: Bidir "DRAM_DQ[31]" has no driver
    Warning: Bidir "SRAM_DQ[0]" has no driver
    Warning: Bidir "SRAM_DQ[1]" has no driver
    Warning: Bidir "SRAM_DQ[2]" has no driver
    Warning: Bidir "SRAM_DQ[3]" has no driver
    Warning: Bidir "SRAM_DQ[4]" has no driver
    Warning: Bidir "SRAM_DQ[5]" has no driver
    Warning: Bidir "SRAM_DQ[6]" has no driver
    Warning: Bidir "SRAM_DQ[7]" has no driver
    Warning: Bidir "SRAM_DQ[8]" has no driver
    Warning: Bidir "SRAM_DQ[9]" has no driver
    Warning: Bidir "SRAM_DQ[10]" has no driver
    Warning: Bidir "SRAM_DQ[11]" has no driver
    Warning: Bidir "SRAM_DQ[12]" has no driver
    Warning: Bidir "SRAM_DQ[13]" has no driver
    Warning: Bidir "SRAM_DQ[14]" has no driver
    Warning: Bidir "SRAM_DQ[15]" has no driver
    Warning: Bidir "FL_DQ[0]" has no driver
    Warning: Bidir "FL_DQ[1]" has no driver
    Warning: Bidir "FL_DQ[2]" has no driver
    Warning: Bidir "FL_DQ[3]" has no driver
    Warning: Bidir "FL_DQ[4]" has no driver
    Warning: Bidir "FL_DQ[5]" has no driver
    Warning: Bidir "FL_DQ[6]" has no driver
    Warning: Bidir "FL_DQ[7]" has no driver
    Warning: Bidir "AUD_DACLRCK" has no driver
Warning: The following tri-state nodes are fed by constants
    Warning: The pin "SD_DAT[3]" is fed by VCC
Warning: TRI or OPNDRN buffers permanently enabled
    Warning: Node "SD_DAT[3]~synth"
    Warning: Node "AUD_ADCLRCK~synth"
Warning: Output pins are stuck at VCC or GND
    Warning (13410): Pin "SMA_CLKOUT" is stuck at GND
    Warning (13410): Pin "LEDG[0]" is stuck at GND
    Warning (13410): Pin "LEDG[1]" is stuck at GND
    Warning (13410): Pin "LEDG[2]" is stuck at GND
    Warning (13410): Pin "LEDG[3]" is stuck at GND
    Warning (13410): Pin "LEDG[4]" is stuck at GND
    Warning (13410): Pin "LEDG[5]" is stuck at GND
    Warning (13410): Pin "LEDG[6]" is stuck at GND
    Warning (13410): Pin "LEDG[7]" is stuck at GND
    Warning (13410): Pin "LEDG[8]" is stuck at GND
    Warning (13410): Pin "LEDR[0]" is stuck at GND
    Warning (13410): Pin "LEDR[1]" is stuck at GND
    Warning (13410): Pin "LEDR[2]" is stuck at GND
    Warning (13410): Pin "LEDR[3]" is stuck at GND
    Warning (13410): Pin "LEDR[4]" is stuck at GND
    Warning (13410): Pin "LEDR[5]" is stuck at GND
    Warning (13410): Pin "LEDR[6]" is stuck at GND
    Warning (13410): Pin "LEDR[7]" is stuck at GND
    Warning (13410): Pin "LEDR[8]" is stuck at GND
    Warning (13410): Pin "LEDR[9]" is stuck at GND
    Warning (13410): Pin "LEDR[10]" is stuck at GND
    Warning (13410): Pin "LEDR[11]" is stuck at GND
    Warning (13410): Pin "LEDR[12]" is stuck at GND
    Warning (13410): Pin "LEDR[13]" is stuck at GND
    Warning (13410): Pin "LEDR[14]" is stuck at GND
    Warning (13410): Pin "LEDR[15]" is stuck at GND
    Warning (13410): Pin "LEDR[16]" is stuck at GND
    Warning (13410): Pin "LEDR[17]" is stuck at GND
    Warning (13410): Pin "LCD_BLON" is stuck at GND
    Warning (13410): Pin "LCD_EN" is stuck at GND
    Warning (13410): Pin "LCD_ON" is stuck at GND
    Warning (13410): Pin "LCD_RS" is stuck at GND
    Warning (13410): Pin "LCD_RW" is stuck at GND
    Warning (13410): Pin "UART_RTS" is stuck at GND
    Warning (13410): Pin "UART_TXD" is stuck at GND
    Warning (13410): Pin "SD_CLK" is stuck at GND
    Warning (13410): Pin "VGA_B[0]" is stuck at GND
    Warning (13410): Pin "VGA_B[1]" is stuck at GND
    Warning (13410): Pin "VGA_B[2]" is stuck at GND
    Warning (13410): Pin "VGA_B[3]" is stuck at GND
    Warning (13410): Pin "VGA_B[4]" is stuck at GND
    Warning (13410): Pin "VGA_B[5]" is stuck at GND
    Warning (13410): Pin "VGA_B[6]" is stuck at GND
    Warning (13410): Pin "VGA_B[7]" is stuck at GND
    Warning (13410): Pin "VGA_BLANK_N" is stuck at GND
    Warning (13410): Pin "VGA_CLK" is stuck at GND
    Warning (13410): Pin "VGA_G[0]" is stuck at GND
    Warning (13410): Pin "VGA_G[1]" is stuck at GND
    Warning (13410): Pin "VGA_G[2]" is stuck at GND
    Warning (13410): Pin "VGA_G[3]" is stuck at GND
    Warning (13410): Pin "VGA_G[4]" is stuck at GND
    Warning (13410): Pin "VGA_G[5]" is stuck at GND
    Warning (13410): Pin "VGA_G[6]" is stuck at GND
    Warning (13410): Pin "VGA_G[7]" is stuck at GND
    Warning (13410): Pin "VGA_HS" is stuck at GND
    Warning (13410): Pin "VGA_R[0]" is stuck at GND
    Warning (13410): Pin "VGA_R[1]" is stuck at GND
    Warning (13410): Pin "VGA_R[2]" is stuck at GND
    Warning (13410): Pin "VGA_R[3]" is stuck at GND
    Warning (13410): Pin "VGA_R[4]" is stuck at GND
    Warning (13410): Pin "VGA_R[5]" is stuck at GND
    Warning (13410): Pin "VGA_R[6]" is stuck at GND
    Warning (13410): Pin "VGA_R[7]" is stuck at GND
    Warning (13410): Pin "VGA_SYNC_N" is stuck at GND
    Warning (13410): Pin "VGA_VS" is stuck at GND
    Warning (13410): Pin "AUD_DACDAT" is stuck at GND
    Warning (13410): Pin "AUD_XCK" is stuck at GND
    Warning (13410): Pin "EEP_I2C_SCLK" is stuck at GND
    Warning (13410): Pin "I2C_SCLK" is stuck at GND
    Warning (13410): Pin "ENET0_GTX_CLK" is stuck at GND
    Warning (13410): Pin "ENET0_MDC" is stuck at GND
    Warning (13410): Pin "ENET0_RST_N" is stuck at GND
    Warning (13410): Pin "ENET0_TX_DATA[0]" is stuck at GND
    Warning (13410): Pin "ENET0_TX_DATA[1]" is stuck at GND
    Warning (13410): Pin "ENET0_TX_DATA[2]" is stuck at GND
    Warning (13410): Pin "ENET0_TX_DATA[3]" is stuck at GND
    Warning (13410): Pin "ENET0_TX_EN" is stuck at GND
    Warning (13410): Pin "ENET0_TX_ER" is stuck at GND
    Warning (13410): Pin "ENET1_GTX_CLK" is stuck at GND
    Warning (13410): Pin "ENET1_MDC" is stuck at GND
    Warning (13410): Pin "ENET1_RST_N" is stuck at GND
    Warning (13410): Pin "ENET1_TX_DATA[0]" is stuck at GND
    Warning (13410): Pin "ENET1_TX_DATA[1]" is stuck at GND
    Warning (13410): Pin "ENET1_TX_DATA[2]" is stuck at GND
    Warning (13410): Pin "ENET1_TX_DATA[3]" is stuck at GND
    Warning (13410): Pin "ENET1_TX_EN" is stuck at GND
    Warning (13410): Pin "ENET1_TX_ER" is stuck at GND
    Warning (13410): Pin "TD_RESET_N" is stuck at GND
    Warning (13410): Pin "OTG_ADDR[0]" is stuck at GND
    Warning (13410): Pin "OTG_ADDR[1]" is stuck at GND
    Warning (13410): Pin "OTG_CS_N" is stuck at GND
    Warning (13410): Pin "OTG_WR_N" is stuck at GND
    Warning (13410): Pin "OTG_RD_N" is stuck at GND
    Warning (13410): Pin "OTG_RST_N" is stuck at GND
    Warning (13410): Pin "DRAM_ADDR[0]" is stuck at GND
    Warning (13410): Pin "DRAM_ADDR[1]" is stuck at GND
    Warning (13410): Pin "DRAM_ADDR[2]" is stuck at GND
    Warning (13410): Pin "DRAM_ADDR[3]" is stuck at GND
    Warning (13410): Pin "DRAM_ADDR[4]" is stuck at GND
    Warning (13410): Pin "DRAM_ADDR[5]" is stuck at GND
    Warning (13410): Pin "DRAM_ADDR[6]" is stuck at GND
    Warning (13410): Pin "DRAM_ADDR[7]" is stuck at GND
    Warning (13410): Pin "DRAM_ADDR[8]" is stuck at GND
    Warning (13410): Pin "DRAM_ADDR[9]" is stuck at GND
    Warning (13410): Pin "DRAM_ADDR[10]" is stuck at GND
    Warning (13410): Pin "DRAM_ADDR[11]" is stuck at GND
    Warning (13410): Pin "DRAM_ADDR[12]" is stuck at GND
    Warning (13410): Pin "DRAM_BA[0]" is stuck at GND
    Warning (13410): Pin "DRAM_BA[1]" is stuck at GND
    Warning (13410): Pin "DRAM_CAS_N" is stuck at GND
    Warning (13410): Pin "DRAM_CKE" is stuck at GND
    Warning (13410): Pin "DRAM_CLK" is stuck at GND
    Warning (13410): Pin "DRAM_CS_N" is stuck at GND
    Warning (13410): Pin "DRAM_DQM[0]" is stuck at GND
    Warning (13410): Pin "DRAM_DQM[1]" is stuck at GND
    Warning (13410): Pin "DRAM_DQM[2]" is stuck at GND
    Warning (13410): Pin "DRAM_DQM[3]" is stuck at GND
    Warning (13410): Pin "DRAM_RAS_N" is stuck at GND
    Warning (13410): Pin "DRAM_WE_N" is stuck at GND
    Warning (13410): Pin "SRAM_ADDR[0]" is stuck at GND
    Warning (13410): Pin "SRAM_ADDR[1]" is stuck at GND
    Warning (13410): Pin "SRAM_ADDR[2]" is stuck at GND
    Warning (13410): Pin "SRAM_ADDR[3]" is stuck at GND
    Warning (13410): Pin "SRAM_ADDR[4]" is stuck at GND
    Warning (13410): Pin "SRAM_ADDR[5]" is stuck at GND
    Warning (13410): Pin "SRAM_ADDR[6]" is stuck at GND
    Warning (13410): Pin "SRAM_ADDR[7]" is stuck at GND
    Warning (13410): Pin "SRAM_ADDR[8]" is stuck at GND
    Warning (13410): Pin "SRAM_ADDR[9]" is stuck at GND
    Warning (13410): Pin "SRAM_ADDR[10]" is stuck at GND
    Warning (13410): Pin "SRAM_ADDR[11]" is stuck at GND
    Warning (13410): Pin "SRAM_ADDR[12]" is stuck at GND
    Warning (13410): Pin "SRAM_ADDR[13]" is stuck at GND
    Warning (13410): Pin "SRAM_ADDR[14]" is stuck at GND
    Warning (13410): Pin "SRAM_ADDR[15]" is stuck at GND
    Warning (13410): Pin "SRAM_ADDR[16]" is stuck at GND
    Warning (13410): Pin "SRAM_ADDR[17]" is stuck at GND
    Warning (13410): Pin "SRAM_ADDR[18]" is stuck at GND
    Warning (13410): Pin "SRAM_ADDR[19]" is stuck at GND
    Warning (13410): Pin "SRAM_CE_N" is stuck at GND
    Warning (13410): Pin "SRAM_LB_N" is stuck at GND
    Warning (13410): Pin "SRAM_OE_N" is stuck at GND
    Warning (13410): Pin "SRAM_UB_N" is stuck at GND
    Warning (13410): Pin "SRAM_WE_N" is stuck at GND
    Warning (13410): Pin "FL_ADDR[0]" is stuck at GND
    Warning (13410): Pin "FL_ADDR[1]" is stuck at GND
    Warning (13410): Pin "FL_ADDR[2]" is stuck at GND
    Warning (13410): Pin "FL_ADDR[3]" is stuck at GND
    Warning (13410): Pin "FL_ADDR[4]" is stuck at GND
    Warning (13410): Pin "FL_ADDR[5]" is stuck at GND
    Warning (13410): Pin "FL_ADDR[6]" is stuck at GND
    Warning (13410): Pin "FL_ADDR[7]" is stuck at GND
    Warning (13410): Pin "FL_ADDR[8]" is stuck at GND
    Warning (13410): Pin "FL_ADDR[9]" is stuck at GND
    Warning (13410): Pin "FL_ADDR[10]" is stuck at GND
    Warning (13410): Pin "FL_ADDR[11]" is stuck at GND
    Warning (13410): Pin "FL_ADDR[12]" is stuck at GND
    Warning (13410): Pin "FL_ADDR[13]" is stuck at GND
    Warning (13410): Pin "FL_ADDR[14]" is stuck at GND
    Warning (13410): Pin "FL_ADDR[15]" is stuck at GND
    Warning (13410): Pin "FL_ADDR[16]" is stuck at GND
    Warning (13410): Pin "FL_ADDR[17]" is stuck at GND
    Warning (13410): Pin "FL_ADDR[18]" is stuck at GND
    Warning (13410): Pin "FL_ADDR[19]" is stuck at GND
    Warning (13410): Pin "FL_ADDR[20]" is stuck at GND
    Warning (13410): Pin "FL_ADDR[21]" is stuck at GND
    Warning (13410): Pin "FL_ADDR[22]" is stuck at GND
    Warning (13410): Pin "FL_CE_N" is stuck at GND
    Warning (13410): Pin "FL_OE_N" is stuck at GND
    Warning (13410): Pin "FL_RST_N" is stuck at GND
    Warning (13410): Pin "FL_WE_N" is stuck at GND
    Warning (13410): Pin "FL_WP_N" is stuck at GND
    Warning (13410): Pin "HSMC_CLKOUT_P1" is stuck at GND
    Warning (13410): Pin "HSMC_CLKOUT_P2" is stuck at GND
    Warning (13410): Pin "HSMC_CLKOUT0" is stuck at GND
    Warning (13410): Pin "HSMC_TX_D_P[0]" is stuck at GND
    Warning (13410): Pin "HSMC_TX_D_P[1]" is stuck at GND
    Warning (13410): Pin "HSMC_TX_D_P[2]" is stuck at GND
    Warning (13410): Pin "HSMC_TX_D_P[3]" is stuck at GND
    Warning (13410): Pin "HSMC_TX_D_P[4]" is stuck at GND
    Warning (13410): Pin "HSMC_TX_D_P[5]" is stuck at GND
    Warning (13410): Pin "HSMC_TX_D_P[6]" is stuck at GND
    Warning (13410): Pin "HSMC_TX_D_P[7]" is stuck at GND
    Warning (13410): Pin "HSMC_TX_D_P[8]" is stuck at GND
    Warning (13410): Pin "HSMC_TX_D_P[9]" is stuck at GND
    Warning (13410): Pin "HSMC_TX_D_P[10]" is stuck at GND
    Warning (13410): Pin "HSMC_TX_D_P[11]" is stuck at GND
    Warning (13410): Pin "HSMC_TX_D_P[12]" is stuck at GND
    Warning (13410): Pin "HSMC_TX_D_P[13]" is stuck at GND
    Warning (13410): Pin "HSMC_TX_D_P[14]" is stuck at GND
    Warning (13410): Pin "HSMC_TX_D_P[15]" is stuck at GND
    Warning (13410): Pin "HSMC_TX_D_P[16]" is stuck at GND
Info: Timing-Driven Synthesis is running
Info: Generated suppressed messages file C:/Users/groun/Downloads/De2_115/DE2-115_v.3.0.6_SystemCD/DE2_115_demonstrations/DE2_115_IR/DE2_115_IR.map.smsg
Warning: PLL "pll1:u0|altpll:altpll_component|pll1_altpll:auto_generated|pll1" has parameters clk1_multiply_by and clk1_divide_by specified but port CLK[1] is not connected
Warning: Design contains 86 input pin(s) that do not drive logic
    Warning (15610): No output dependent on input pin "CLOCK2_50"
    Warning (15610): No output dependent on input pin "CLOCK3_50"
    Warning (15610): No output dependent on input pin "ENETCLK_25"
    Warning (15610): No output dependent on input pin "SMA_CLKIN"
    Warning (15610): No output dependent on input pin "KEY[1]"
    Warning (15610): No output dependent on input pin "KEY[2]"
    Warning (15610): No output dependent on input pin "KEY[3]"
    Warning (15610): No output dependent on input pin "SW[0]"
    Warning (15610): No output dependent on input pin "SW[1]"
    Warning (15610): No output dependent on input pin "SW[2]"
    Warning (15610): No output dependent on input pin "SW[3]"
    Warning (15610): No output dependent on input pin "SW[4]"
    Warning (15610): No output dependent on input pin "SW[5]"
    Warning (15610): No output dependent on input pin "SW[6]"
    Warning (15610): No output dependent on input pin "SW[7]"
    Warning (15610): No output dependent on input pin "SW[8]"
    Warning (15610): No output dependent on input pin "SW[9]"
    Warning (15610): No output dependent on input pin "SW[10]"
    Warning (15610): No output dependent on input pin "SW[11]"
    Warning (15610): No output dependent on input pin "SW[12]"
    Warning (15610): No output dependent on input pin "SW[13]"
    Warning (15610): No output dependent on input pin "SW[14]"
    Warning (15610): No output dependent on input pin "SW[15]"
    Warning (15610): No output dependent on input pin "SW[16]"
    Warning (15610): No output dependent on input pin "SW[17]"
    Warning (15610): No output dependent on input pin "UART_CTS"
    Warning (15610): No output dependent on input pin "UART_RXD"
    Warning (15610): No output dependent on input pin "SD_WP_N"
    Warning (15610): No output dependent on input pin "AUD_ADCDAT"
    Warning (15610): No output dependent on input pin "ENET0_INT_N"
    Warning (15610): No output dependent on input pin "ENET0_RX_CLK"
    Warning (15610): No output dependent on input pin "ENET0_RX_COL"
    Warning (15610): No output dependent on input pin "ENET0_RX_CRS"
    Warning (15610): No output dependent on input pin "ENET0_RX_DATA[0]"
    Warning (15610): No output dependent on input pin "ENET0_RX_DATA[1]"
    Warning (15610): No output dependent on input pin "ENET0_RX_DATA[2]"
    Warning (15610): No output dependent on input pin "ENET0_RX_DATA[3]"
    Warning (15610): No output dependent on input pin "ENET0_RX_DV"
    Warning (15610): No output dependent on input pin "ENET0_RX_ER"
    Warning (15610): No output dependent on input pin "ENET0_TX_CLK"
    Warning (15610): No output dependent on input pin "ENET0_LINK100"
    Warning (15610): No output dependent on input pin "ENET1_INT_N"
    Warning (15610): No output dependent on input pin "ENET1_RX_CLK"
    Warning (15610): No output dependent on input pin "ENET1_RX_COL"
    Warning (15610): No output dependent on input pin "ENET1_RX_CRS"
    Warning (15610): No output dependent on input pin "ENET1_RX_DATA[0]"
    Warning (15610): No output dependent on input pin "ENET1_RX_DATA[1]"
    Warning (15610): No output dependent on input pin "ENET1_RX_DATA[2]"
    Warning (15610): No output dependent on input pin "ENET1_RX_DATA[3]"
    Warning (15610): No output dependent on input pin "ENET1_RX_DV"
    Warning (15610): No output dependent on input pin "ENET1_RX_ER"
    Warning (15610): No output dependent on input pin "ENET1_TX_CLK"
    Warning (15610): No output dependent on input pin "ENET1_LINK100"
    Warning (15610): No output dependent on input pin "TD_CLK27"
    Warning (15610): No output dependent on input pin "TD_DATA[0]"
    Warning (15610): No output dependent on input pin "TD_DATA[1]"
    Warning (15610): No output dependent on input pin "TD_DATA[2]"
    Warning (15610): No output dependent on input pin "TD_DATA[3]"
    Warning (15610): No output dependent on input pin "TD_DATA[4]"
    Warning (15610): No output dependent on input pin "TD_DATA[5]"
    Warning (15610): No output dependent on input pin "TD_DATA[6]"
    Warning (15610): No output dependent on input pin "TD_DATA[7]"
    Warning (15610): No output dependent on input pin "TD_HS"
    Warning (15610): No output dependent on input pin "TD_VS"
    Warning (15610): No output dependent on input pin "OTG_INT"
    Warning (15610): No output dependent on input pin "FL_RY"
    Warning (15610): No output dependent on input pin "HSMC_CLKIN_P1"
    Warning (15610): No output dependent on input pin "HSMC_CLKIN_P2"
    Warning (15610): No output dependent on input pin "HSMC_CLKIN0"
    Warning (15610): No output dependent on input pin "HSMC_RX_D_P[0]"
    Warning (15610): No output dependent on input pin "HSMC_RX_D_P[1]"
    Warning (15610): No output dependent on input pin "HSMC_RX_D_P[2]"
    Warning (15610): No output dependent on input pin "HSMC_RX_D_P[3]"
    Warning (15610): No output dependent on input pin "HSMC_RX_D_P[4]"
    Warning (15610): No output dependent on input pin "HSMC_RX_D_P[5]"
    Warning (15610): No output dependent on input pin "HSMC_RX_D_P[6]"
    Warning (15610): No output dependent on input pin "HSMC_RX_D_P[7]"
    Warning (15610): No output dependent on input pin "HSMC_RX_D_P[8]"
    Warning (15610): No output dependent on input pin "HSMC_RX_D_P[9]"
    Warning (15610): No output dependent on input pin "HSMC_RX_D_P[10]"
    Warning (15610): No output dependent on input pin "HSMC_RX_D_P[11]"
    Warning (15610): No output dependent on input pin "HSMC_RX_D_P[12]"
    Warning (15610): No output dependent on input pin "HSMC_RX_D_P[13]"
    Warning (15610): No output dependent on input pin "HSMC_RX_D_P[14]"
    Warning (15610): No output dependent on input pin "HSMC_RX_D_P[15]"
    Warning (15610): No output dependent on input pin "HSMC_RX_D_P[16]"
Info: Implemented 754 device resources after synthesis - the final resource count might be different
    Info: Implemented 89 input pins
    Info: Implemented 248 output pins
    Info: Implemented 143 bidirectional pins
    Info: Implemented 273 logic cells
    Info: Implemented 1 PLLs
Info: Quartus II Analysis & Synthesis was successful. 0 errors, 445 warnings
    Info: Peak virtual memory: 237 megabytes
    Info: Processing ended: Sat Aug 06 10:53:53 2022
    Info: Elapsed time: 00:00:32
    Info: Total CPU time (on all processors): 00:00:11


+------------------------------------------+
; Analysis & Synthesis Suppressed Messages ;
+------------------------------------------+
The suppressed messages can be found in C:/Users/groun/Downloads/De2_115/DE2-115_v.3.0.6_SystemCD/DE2_115_demonstrations/DE2_115_IR/DE2_115_IR.map.smsg.


